Vivado Simulator 2016.4
Copyright 1986-1999, 2001-2016 Xilinx, Inc. All Rights Reserved.
Running: D:/Xilinx/Vivado/2016.4/bin/unwrapped/win64.o/xelab.exe -wto d831e647d19641b88a844baf4047d310 --debug typical --relax --mt 2 --maxdelay -L xil_defaultlib -L simprims_ver -L secureip --snapshot huffman_decoder_tb_time_synth -transport_int_delays -pulse_r 0 -pulse_int_r 0 -pulse_e 0 -pulse_int_e 0 xil_defaultlib.huffman_decoder_tb xil_defaultlib.glbl -log elaborate.log 
Using 2 slave threads.
Starting static elaboration
Completed static elaboration
Starting simulation data flow analysis
Completed simulation data flow analysis
INFO: [XSIM 43-3451] SDF backannotation process started with SDF file "huffman_decoder_tb_time_synth.sdf", for root module "huffman_decoder_tb/decoder".
INFO: [XSIM 43-3452] SDF backannotation was successful for SDF file "huffman_decoder_tb_time_synth.sdf", for root module "huffman_decoder_tb/decoder".
Time Resolution for simulation is 1ps
Compiling module simprims_ver.LUT6
Compiling module simprims_ver.x_lut1_mux2
Compiling module simprims_ver.LUT1
Compiling module simprims_ver.sffsrce_fdre
Compiling module simprims_ver.FDRE
Compiling module simprims_ver.CARRY4
Compiling module simprims_ver.BUFG
Compiling module simprims_ver.IBUF
Compiling module simprims_ver.RAMS32
Compiling module xil_defaultlib.RAM32X1S_UNIQ_BASE_
Compiling module xil_defaultlib.RAM32X1S_HD1654
Compiling module xil_defaultlib.RAM32X1S_HD1655
Compiling module xil_defaultlib.RAM32X1S_HD1656
Compiling module xil_defaultlib.RAM32X1S_HD1657
Compiling module xil_defaultlib.RAM32X1S_HD1658
Compiling module xil_defaultlib.RAM32X1S_HD1659
Compiling module xil_defaultlib.RAM32X1S_HD1660
Compiling module xil_defaultlib.RAM32X1S_HD1661
Compiling module xil_defaultlib.RAM32X1S_HD1662
Compiling module xil_defaultlib.RAM32X1S_HD1663
Compiling module xil_defaultlib.RAM32X1S_HD1664
Compiling module xil_defaultlib.RAM32X1S_HD1665
Compiling module xil_defaultlib.RAM32X1S_HD1666
Compiling module xil_defaultlib.RAM32X1S_HD1667
Compiling module xil_defaultlib.RAM32X1S_HD1668
Compiling module xil_defaultlib.RAM32X1S_HD1669
Compiling module xil_defaultlib.RAM32X1S_HD1670
Compiling module xil_defaultlib.RAM32X1S_HD1671
Compiling module xil_defaultlib.RAM32X1S_HD1672
Compiling module xil_defaultlib.RAM32X1S_HD1673
Compiling module xil_defaultlib.RAM32X1S_HD1674
Compiling module xil_defaultlib.RAM32X1S_HD1675
Compiling module xil_defaultlib.RAM32X1S_HD1676
Compiling module xil_defaultlib.RAM32X1S_HD1677
Compiling module xil_defaultlib.RAM32X1S_HD1678
Compiling module simprims_ver.x_lut3_mux4
Compiling module simprims_ver.x_lut3_mux4_reduced_0
Compiling module simprims_ver.LUT3
Compiling module xil_defaultlib.RAM32X1S_HD1679
Compiling module xil_defaultlib.RAM32X1S_HD1680
Compiling module xil_defaultlib.RAM32X1S_HD1681
Compiling module xil_defaultlib.RAM32X1S_HD1682
Compiling module xil_defaultlib.RAM32X1S_HD1683
Compiling module xil_defaultlib.RAM32X1S_HD1684
Compiling module xil_defaultlib.RAM32X1S_HD1685
Compiling module xil_defaultlib.RAM32X1S_HD1686
Compiling module xil_defaultlib.RAM32X1S_HD1687
Compiling module xil_defaultlib.RAM32X1S_HD1688
Compiling module xil_defaultlib.RAM32X1S_HD1689
Compiling module xil_defaultlib.RAM32X1S_HD1690
Compiling module xil_defaultlib.RAM32X1S_HD1691
Compiling module xil_defaultlib.RAM32X1S_HD1692
Compiling module simprims_ver.LUT5
Compiling module xil_defaultlib.RAM32X1S_HD1693
Compiling module xil_defaultlib.RAM32X1S_HD1694
Compiling module xil_defaultlib.RAM32X1S_HD1695
Compiling module xil_defaultlib.RAM32X1S_HD1696
Compiling module xil_defaultlib.RAM32X1S_HD1697
Compiling module xil_defaultlib.RAM32X1S_HD1698
Compiling module xil_defaultlib.RAM32X1S_HD1699
Compiling module xil_defaultlib.RAM32X1S_HD1700
Compiling module simprims_ver.OBUF
Compiling module simprims_ver.LUT4
Compiling module simprims_ver.RB18_INTERNAL_VLOG(DOA_REG=0,DOB...
Compiling module simprims_ver.RAMB18E1(READ_WIDTH_A=18,READ_WI...
Compiling module simprims_ver.x_lut2_mux4
Compiling module simprims_ver.LUT2
Compiling module simprims_ver.RB18_INTERNAL_VLOG(DOA_REG=0,DOB...
Compiling module simprims_ver.RAMB18E1(RAM_MODE="SDP",READ_WID...
Compiling module simprims_ver.RAMD64E(RAM_ADDRESS_MASK=2'b11,R...
Compiling module xil_defaultlib.RAM64M_UNIQ_BASE_
Compiling module xil_defaultlib.RAM64M_HD1701
Compiling module xil_defaultlib.RAM64M_HD1702
Compiling module simprims_ver.RAMD64E(RAM_ADDRESS_MASK=2'b10,R...
Compiling module simprims_ver.RAMD64E(RAM_ADDRESS_MASK=2'b10,R...
Compiling module simprims_ver.MUXF7
Compiling module xil_defaultlib.RAM128X1D_UNIQ_BASE_
Compiling module xil_defaultlib.RAM128X1D_HD1703
Compiling module simprims_ver.FDRE(INIT=1'b1)
Compiling module xil_defaultlib.RAM64M_HD1704
Compiling module xil_defaultlib.RAM64M_HD1705
Compiling module xil_defaultlib.raw_decoder
Compiling module xil_defaultlib.RAM64M_HD1706
Compiling module xil_defaultlib.RAM64M_HD1707
Compiling module xil_defaultlib.RAM64X1D_UNIQ_BASE_
Compiling module xil_defaultlib.RAM64M_HD1708
Compiling module xil_defaultlib.RAM64M_HD1709
Compiling module xil_defaultlib.RAM64M_HD1710
Compiling module xil_defaultlib.RAM64M_HD1711
Compiling module xil_defaultlib.RAM64X1D_HD1712
Compiling module xil_defaultlib.RAM64M_HD1713
Compiling module xil_defaultlib.RAM64M_HD1714
Compiling module xil_defaultlib.RAM64M_HD1715
Compiling module xil_defaultlib.RAM64M_HD1716
Compiling module xil_defaultlib.RAM64X1D_HD1717
Compiling module xil_defaultlib.RAM64M_HD1718
Compiling module xil_defaultlib.RAM64M_HD1719
Compiling module xil_defaultlib.RAM64M_HD1720
Compiling module xil_defaultlib.RAM64M_HD1721
Compiling module xil_defaultlib.RAM64X1D_HD1722
Compiling module xil_defaultlib.RAM64M_HD1723
Compiling module xil_defaultlib.RAM64M_HD1724
Compiling module xil_defaultlib.RAM64M_HD1725
Compiling module xil_defaultlib.RAM64M_HD1726
Compiling module xil_defaultlib.RAM64M_HD1727
Compiling module xil_defaultlib.RAM64M_HD1728
Compiling module xil_defaultlib.RAM64M_HD1729
Compiling module xil_defaultlib.RAM64M_HD1730
Compiling module xil_defaultlib.RAM64M_HD1731
Compiling module xil_defaultlib.RAM64M_HD1732
Compiling module xil_defaultlib.RAM64M_HD1733
Compiling module xil_defaultlib.RAM64M_HD1734
Compiling module xil_defaultlib.RAM64M_HD1735
Compiling module xil_defaultlib.RAM64M_HD1736
Compiling module xil_defaultlib.RAM64M_HD1737
Compiling module xil_defaultlib.RAM64M_HD1738
Compiling module xil_defaultlib.RAM64X1D_HD1739
Compiling module xil_defaultlib.RAM64M_HD1740
Compiling module xil_defaultlib.RAM64M_HD1741
Compiling module xil_defaultlib.RAM64M_HD1742
Compiling module xil_defaultlib.RAM64M_HD1743
Compiling module xil_defaultlib.RAM64X1D_HD1744
Compiling module xil_defaultlib.RAM64M_HD1745
Compiling module xil_defaultlib.RAM64M_HD1746
Compiling module xil_defaultlib.RAM64M_HD1747
Compiling module xil_defaultlib.RAM64M_HD1748
Compiling module xil_defaultlib.RAM64X1D_HD1749
Compiling module xil_defaultlib.RAM64M_HD1750
Compiling module xil_defaultlib.RAM64M_HD1751
Compiling module xil_defaultlib.RAM64M_HD1752
Compiling module xil_defaultlib.RAM64M_HD1753
Compiling module xil_defaultlib.RAM64X1D_HD1754
Compiling module xil_defaultlib.RAM64M_HD1755
Compiling module xil_defaultlib.RAM64M_HD1756
Compiling module xil_defaultlib.RAM64M_HD1757
Compiling module xil_defaultlib.RAM64M_HD1758
Compiling module xil_defaultlib.RAM64X1D_HD1759
Compiling module xil_defaultlib.RAM64M_HD1760
Compiling module xil_defaultlib.RAM64M_HD1761
Compiling module xil_defaultlib.RAM64M_HD1762
Compiling module xil_defaultlib.RAM64M_HD1763
Compiling module xil_defaultlib.RAM64X1D_HD1764
Compiling module xil_defaultlib.RAM64M_HD1765
Compiling module xil_defaultlib.RAM64M_HD1766
Compiling module xil_defaultlib.RAM64M_HD1767
Compiling module xil_defaultlib.RAM64M_HD1768
Compiling module xil_defaultlib.RAM64X1D_HD1769
Compiling module xil_defaultlib.RAM64M_HD1770
Compiling module xil_defaultlib.RAM64M_HD1771
Compiling module xil_defaultlib.RAM64M_HD1772
Compiling module xil_defaultlib.RAM64M_HD1773
Compiling module xil_defaultlib.RAM64X1D_HD1774
Compiling module xil_defaultlib.RAM64M_HD1775
Compiling module xil_defaultlib.RAM64M_HD1776
Compiling module xil_defaultlib.RAM64M_HD1777
Compiling module xil_defaultlib.RAM64M_HD1778
Compiling module xil_defaultlib.RAM64M_HD1779
Compiling module xil_defaultlib.RAM64M_HD1780
Compiling module xil_defaultlib.RAM64M_HD1781
Compiling module xil_defaultlib.RAM64M_HD1782
Compiling module xil_defaultlib.RAM64M_HD1783
Compiling module xil_defaultlib.RAM64M_HD1784
Compiling module xil_defaultlib.RAM64M_HD1785
Compiling module xil_defaultlib.RAM64M_HD1786
Compiling module xil_defaultlib.RAM64M_HD1787
Compiling module xil_defaultlib.RAM64M_HD1788
Compiling module xil_defaultlib.RAM64M_HD1789
Compiling module xil_defaultlib.RAM64M_HD1790
Compiling module xil_defaultlib.RAM64M_HD1791
Compiling module xil_defaultlib.RAM64M_HD1792
Compiling module xil_defaultlib.RAM64M_HD1793
Compiling module xil_defaultlib.RAM64M_HD1794
Compiling module xil_defaultlib.RAM64M_HD1795
Compiling module xil_defaultlib.RAM64M_HD1796
Compiling module xil_defaultlib.RAM64M_HD1797
Compiling module xil_defaultlib.RAM64M_HD1798
Compiling module xil_defaultlib.RAM64M_HD1799
Compiling module xil_defaultlib.RAM64M_HD1800
Compiling module xil_defaultlib.RAM64M_HD1801
Compiling module xil_defaultlib.RAM64M_HD1802
Compiling module xil_defaultlib.RAM64M_HD1803
Compiling module xil_defaultlib.RAM64M_HD1804
Compiling module xil_defaultlib.RAM64M_HD1805
Compiling module xil_defaultlib.RAM64M_HD1806
Compiling module xil_defaultlib.RAM64M_HD1807
Compiling module xil_defaultlib.RAM64X1D_HD1808
Compiling module xil_defaultlib.RAM64X1D_HD1809
Compiling module xil_defaultlib.RAM64M_HD1810
Compiling module xil_defaultlib.RAM64M_HD1811
Compiling module xil_defaultlib.RAM64M_HD1812
Compiling module xil_defaultlib.RAM64M_HD1813
Compiling module xil_defaultlib.RAM64M_HD1814
Compiling module xil_defaultlib.RAM64M_HD1815
Compiling module xil_defaultlib.RAM64M_HD1816
Compiling module xil_defaultlib.RAM64M_HD1817
Compiling module xil_defaultlib.RAM64M_HD1818
Compiling module xil_defaultlib.RAM64M_HD1819
Compiling module xil_defaultlib.RAM64X1D_HD1820
Compiling module xil_defaultlib.RAM64X1D_HD1821
Compiling module xil_defaultlib.RAM64M_HD1822
Compiling module xil_defaultlib.RAM64M_HD1823
Compiling module xil_defaultlib.RAM64M_HD1824
Compiling module xil_defaultlib.RAM64M_HD1825
Compiling module xil_defaultlib.RAM64M_HD1826
Compiling module xil_defaultlib.RAM64M_HD1827
Compiling module xil_defaultlib.RAM64M_HD1828
Compiling module xil_defaultlib.RAM64M_HD1829
Compiling module xil_defaultlib.RAM64M_HD1830
Compiling module xil_defaultlib.RAM64M_HD1831
Compiling module xil_defaultlib.RAM64X1D_HD1832
Compiling module xil_defaultlib.RAM64X1D_HD1833
Compiling module xil_defaultlib.RAM64M_HD1834
Compiling module xil_defaultlib.RAM64M_HD1835
Compiling module xil_defaultlib.RAM64M_HD1836
Compiling module xil_defaultlib.RAM64M_HD1837
Compiling module xil_defaultlib.RAM64M_HD1838
Compiling module xil_defaultlib.RAM64M_HD1839
Compiling module xil_defaultlib.RAM64M_HD1840
Compiling module xil_defaultlib.RAM64M_HD1841
Compiling module xil_defaultlib.RAM64M_HD1842
Compiling module xil_defaultlib.RAM64M_HD1843
Compiling module xil_defaultlib.RAM64X1D_HD1844
Compiling module xil_defaultlib.RAM64X1D_HD1845
Compiling module xil_defaultlib.RAM64M_HD1846
Compiling module xil_defaultlib.RAM64M_HD1847
Compiling module xil_defaultlib.RAM64M_HD1848
Compiling module xil_defaultlib.RAM64M_HD1849
Compiling module xil_defaultlib.RAM64M_HD1850
Compiling module xil_defaultlib.RAM64M_HD1851
Compiling module xil_defaultlib.RAM64M_HD1852
Compiling module xil_defaultlib.RAM64M_HD1853
Compiling module xil_defaultlib.RAM64M_HD1854
Compiling module xil_defaultlib.RAM64M_HD1855
Compiling module xil_defaultlib.RAM64X1D_HD1856
Compiling module xil_defaultlib.RAM64X1D_HD1857
Compiling module xil_defaultlib.RAM64M_HD1858
Compiling module xil_defaultlib.RAM64M_HD1859
Compiling module xil_defaultlib.RAM64M_HD1860
Compiling module xil_defaultlib.RAM64M_HD1861
Compiling module xil_defaultlib.RAM64M_HD1862
Compiling module xil_defaultlib.RAM64M_HD1863
Compiling module xil_defaultlib.RAM64M_HD1864
Compiling module xil_defaultlib.RAM64M_HD1865
Compiling module xil_defaultlib.RAM64M_HD1866
Compiling module xil_defaultlib.RAM64M_HD1867
Compiling module xil_defaultlib.RAM64X1D_HD1868
Compiling module xil_defaultlib.RAM64X1D_HD1869
Compiling module xil_defaultlib.RAM64M_HD1870
Compiling module xil_defaultlib.RAM64M_HD1871
Compiling module xil_defaultlib.RAM64M_HD1872
Compiling module xil_defaultlib.RAM64M_HD1873
Compiling module xil_defaultlib.RAM64M_HD1874
Compiling module xil_defaultlib.RAM64M_HD1875
Compiling module xil_defaultlib.RAM64M_HD1876
Compiling module xil_defaultlib.RAM64M_HD1877
Compiling module xil_defaultlib.RAM64M_HD1878
Compiling module xil_defaultlib.RAM64M_HD1879
Compiling module xil_defaultlib.RAM64X1D_HD1880
Compiling module xil_defaultlib.RAM64X1D_HD1881
Compiling module xil_defaultlib.RAM64M_HD1882
Compiling module xil_defaultlib.RAM64M_HD1883
Compiling module xil_defaultlib.RAM64M_HD1884
Compiling module xil_defaultlib.RAM64M_HD1885
Compiling module xil_defaultlib.RAM64M_HD1886
Compiling module xil_defaultlib.RAM64M_HD1887
Compiling module xil_defaultlib.RAM64M_HD1888
Compiling module xil_defaultlib.RAM64M_HD1889
Compiling module xil_defaultlib.RAM64M_HD1890
Compiling module xil_defaultlib.RAM64M_HD1891
Compiling module xil_defaultlib.RAM64X1D_HD1892
Compiling module xil_defaultlib.RAM64X1D_HD1893
Compiling module xil_defaultlib.RAM64M_HD1894
Compiling module xil_defaultlib.RAM64M_HD1895
Compiling module xil_defaultlib.RAM64M_HD1896
Compiling module xil_defaultlib.RAM64M_HD1897
Compiling module xil_defaultlib.RAM64M_HD1898
Compiling module xil_defaultlib.RAM64M_HD1899
Compiling module xil_defaultlib.RAM64M_HD1900
Compiling module xil_defaultlib.RAM64M_HD1901
Compiling module xil_defaultlib.RAM64M_HD1902
Compiling module xil_defaultlib.RAM64M_HD1903
Compiling module xil_defaultlib.RAM64X1D_HD1904
Compiling module xil_defaultlib.RAM64X1D_HD1905
Compiling module xil_defaultlib.RAM64M_HD1906
Compiling module xil_defaultlib.RAM64M_HD1907
Compiling module xil_defaultlib.RAM64M_HD1908
Compiling module xil_defaultlib.RAM64M_HD1909
Compiling module xil_defaultlib.RAM64M_HD1910
Compiling module xil_defaultlib.RAM64M_HD1911
Compiling module xil_defaultlib.RAM64M_HD1912
Compiling module xil_defaultlib.RAM64M_HD1913
Compiling module xil_defaultlib.RAM64M_HD1914
Compiling module xil_defaultlib.RAM64M_HD1915
Compiling module xil_defaultlib.RAM64X1D_HD1916
Compiling module xil_defaultlib.RAM64X1D_HD1917
Compiling module xil_defaultlib.RAM64M_HD1918
Compiling module xil_defaultlib.RAM64M_HD1919
Compiling module xil_defaultlib.RAM64M_HD1920
Compiling module xil_defaultlib.RAM64M_HD1921
Compiling module xil_defaultlib.RAM64M_HD1922
Compiling module xil_defaultlib.RAM64M_HD1923
Compiling module xil_defaultlib.RAM64M_HD1924
Compiling module xil_defaultlib.RAM64M_HD1925
Compiling module xil_defaultlib.RAM64M_HD1926
Compiling module xil_defaultlib.RAM64M_HD1927
Compiling module xil_defaultlib.RAM64X1D_HD1928
Compiling module xil_defaultlib.RAM64X1D_HD1929
Compiling module xil_defaultlib.RAM64M_HD1930
Compiling module xil_defaultlib.RAM64M_HD1931
Compiling module xil_defaultlib.RAM64M_HD1932
Compiling module xil_defaultlib.RAM64M_HD1933
Compiling module xil_defaultlib.RAM64M_HD1934
Compiling module xil_defaultlib.RAM64M_HD1935
Compiling module xil_defaultlib.RAM64M_HD1936
Compiling module xil_defaultlib.RAM64M_HD1937
Compiling module xil_defaultlib.RAM64M_HD1938
Compiling module xil_defaultlib.RAM64M_HD1939
Compiling module xil_defaultlib.RAM64X1D_HD1940
Compiling module xil_defaultlib.RAM64X1D_HD1941
Compiling module xil_defaultlib.RAM64M_HD1942
Compiling module xil_defaultlib.RAM64M_HD1943
Compiling module xil_defaultlib.RAM64M_HD1944
Compiling module xil_defaultlib.RAM64M_HD1945
Compiling module xil_defaultlib.RAM64M_HD1946
Compiling module xil_defaultlib.RAM64M_HD1947
Compiling module xil_defaultlib.RAM64M_HD1948
Compiling module xil_defaultlib.RAM64M_HD1949
Compiling module xil_defaultlib.RAM64M_HD1950
Compiling module xil_defaultlib.RAM64M_HD1951
Compiling module xil_defaultlib.RAM64X1D_HD1952
Compiling module xil_defaultlib.RAM64X1D_HD1953
Compiling module xil_defaultlib.RAM64M_HD1954
Compiling module xil_defaultlib.RAM64M_HD1955
Compiling module xil_defaultlib.RAM64M_HD1956
Compiling module xil_defaultlib.RAM64M_HD1957
Compiling module xil_defaultlib.RAM64M_HD1958
Compiling module xil_defaultlib.RAM64M_HD1959
Compiling module xil_defaultlib.RAM64M_HD1960
Compiling module xil_defaultlib.RAM64M_HD1961
Compiling module xil_defaultlib.RAM64M_HD1962
Compiling module xil_defaultlib.RAM64M_HD1963
Compiling module xil_defaultlib.RAM64X1D_HD1964
Compiling module xil_defaultlib.RAM64X1D_HD1965
Compiling module xil_defaultlib.RAM64M_HD1966
Compiling module xil_defaultlib.RAM64M_HD1967
Compiling module xil_defaultlib.RAM64M_HD1968
Compiling module xil_defaultlib.RAM64M_HD1969
Compiling module xil_defaultlib.RAM64M_HD1970
Compiling module xil_defaultlib.RAM64M_HD1971
Compiling module xil_defaultlib.RAM64M_HD1972
Compiling module xil_defaultlib.RAM64M_HD1973
Compiling module xil_defaultlib.RAM64M_HD1974
Compiling module xil_defaultlib.RAM64M_HD1975
Compiling module xil_defaultlib.RAM64X1D_HD1976
Compiling module xil_defaultlib.RAM64X1D_HD1977
Compiling module xil_defaultlib.RAM64M_HD1978
Compiling module xil_defaultlib.RAM64M_HD1979
Compiling module xil_defaultlib.RAM64M_HD1980
Compiling module xil_defaultlib.RAM64M_HD1981
Compiling module xil_defaultlib.RAM64M_HD1982
Compiling module xil_defaultlib.RAM64M_HD1983
Compiling module xil_defaultlib.RAM64M_HD1984
Compiling module xil_defaultlib.RAM64M_HD1985
Compiling module xil_defaultlib.RAM64M_HD1986
Compiling module xil_defaultlib.RAM64M_HD1987
Compiling module xil_defaultlib.RAM64X1D_HD1988
Compiling module xil_defaultlib.RAM64X1D_HD1989
Compiling module xil_defaultlib.RAM64M_HD1990
Compiling module xil_defaultlib.RAM64M_HD1991
Compiling module xil_defaultlib.RAM64M_HD1992
Compiling module xil_defaultlib.RAM64M_HD1993
Compiling module xil_defaultlib.RAM64M_HD1994
Compiling module xil_defaultlib.RAM64M_HD1995
Compiling module xil_defaultlib.RAM64M_HD1996
Compiling module xil_defaultlib.RAM64M_HD1997
Compiling module xil_defaultlib.RAM64M_HD1998
Compiling module xil_defaultlib.RAM64M_HD1999
Compiling module xil_defaultlib.RAM64X1D_HD2000
Compiling module xil_defaultlib.RAM64X1D_HD2001
Compiling module xil_defaultlib.RAM64M_HD2002
Compiling module xil_defaultlib.RAM64M_HD2003
Compiling module xil_defaultlib.RAM64M_HD2004
Compiling module xil_defaultlib.RAM64M_HD2005
Compiling module xil_defaultlib.RAM64M_HD2006
Compiling module xil_defaultlib.RAM64M_HD2007
Compiling module xil_defaultlib.RAM64M_HD2008
Compiling module xil_defaultlib.RAM64M_HD2009
Compiling module xil_defaultlib.RAM64M_HD2010
Compiling module xil_defaultlib.RAM64M_HD2011
Compiling module xil_defaultlib.RAM64X1D_HD2012
Compiling module xil_defaultlib.RAM64X1D_HD2013
Compiling module xil_defaultlib.RAM64M_HD2014
Compiling module xil_defaultlib.RAM64M_HD2015
Compiling module xil_defaultlib.RAM64M_HD2016
Compiling module xil_defaultlib.RAM64M_HD2017
Compiling module xil_defaultlib.RAM64M_HD2018
Compiling module xil_defaultlib.RAM64M_HD2019
Compiling module xil_defaultlib.RAM64M_HD2020
Compiling module xil_defaultlib.RAM64M_HD2021
Compiling module xil_defaultlib.RAM64M_HD2022
Compiling module xil_defaultlib.RAM64M_HD2023
Compiling module xil_defaultlib.RAM64X1D_HD2024
Compiling module xil_defaultlib.RAM64X1D_HD2025
Compiling module xil_defaultlib.RAM64M_HD2026
Compiling module xil_defaultlib.RAM64M_HD2027
Compiling module xil_defaultlib.RAM64M_HD2028
Compiling module xil_defaultlib.RAM64M_HD2029
Compiling module xil_defaultlib.RAM64M_HD2030
Compiling module xil_defaultlib.RAM64M_HD2031
Compiling module xil_defaultlib.RAM64M_HD2032
Compiling module xil_defaultlib.RAM64M_HD2033
Compiling module xil_defaultlib.RAM64M_HD2034
Compiling module xil_defaultlib.RAM64M_HD2035
Compiling module xil_defaultlib.RAM64X1D_HD2036
Compiling module xil_defaultlib.RAM64X1D_HD2037
Compiling module xil_defaultlib.RAM64M_HD2038
Compiling module xil_defaultlib.RAM64M_HD2039
Compiling module xil_defaultlib.RAM64M_HD2040
Compiling module xil_defaultlib.RAM64M_HD2041
Compiling module xil_defaultlib.RAM64M_HD2042
Compiling module xil_defaultlib.RAM64M_HD2043
Compiling module xil_defaultlib.RAM64M_HD2044
Compiling module xil_defaultlib.RAM64M_HD2045
Compiling module xil_defaultlib.RAM64M_HD2046
Compiling module xil_defaultlib.RAM64M_HD2047
Compiling module xil_defaultlib.RAM64X1D_HD2048
Compiling module xil_defaultlib.RAM64X1D_HD2049
Compiling module xil_defaultlib.RAM64M_HD2050
Compiling module xil_defaultlib.RAM64M_HD2051
Compiling module xil_defaultlib.RAM64M_HD2052
Compiling module xil_defaultlib.RAM64M_HD2053
Compiling module xil_defaultlib.RAM64M_HD2054
Compiling module xil_defaultlib.RAM64M_HD2055
Compiling module xil_defaultlib.RAM64M_HD2056
Compiling module xil_defaultlib.RAM64M_HD2057
Compiling module xil_defaultlib.RAM64M_HD2058
Compiling module xil_defaultlib.RAM64M_HD2059
Compiling module xil_defaultlib.RAM64X1D_HD2060
Compiling module xil_defaultlib.RAM64X1D_HD2061
Compiling module xil_defaultlib.RAM64M_HD2062
Compiling module xil_defaultlib.RAM64M_HD2063
Compiling module xil_defaultlib.RAM64M_HD2064
Compiling module xil_defaultlib.RAM64M_HD2065
Compiling module xil_defaultlib.RAM64M_HD2066
Compiling module xil_defaultlib.RAM64M_HD2067
Compiling module xil_defaultlib.RAM64M_HD2068
Compiling module xil_defaultlib.RAM64M_HD2069
Compiling module xil_defaultlib.RAM64M_HD2070
Compiling module xil_defaultlib.RAM64M_HD2071
Compiling module xil_defaultlib.RAM64X1D_HD2072
Compiling module xil_defaultlib.RAM64X1D_HD2073
Compiling module xil_defaultlib.RAM64M_HD2074
Compiling module xil_defaultlib.RAM64M_HD2075
Compiling module xil_defaultlib.RAM64M_HD2076
Compiling module xil_defaultlib.RAM64M_HD2077
Compiling module xil_defaultlib.RAM64M_HD2078
Compiling module xil_defaultlib.RAM64M_HD2079
Compiling module xil_defaultlib.RAM64M_HD2080
Compiling module xil_defaultlib.RAM64M_HD2081
Compiling module xil_defaultlib.RAM64M_HD2082
Compiling module xil_defaultlib.RAM64M_HD2083
Compiling module xil_defaultlib.RAM64X1D_HD2084
Compiling module xil_defaultlib.RAM64X1D_HD2085
Compiling module xil_defaultlib.RAM64M_HD2086
Compiling module xil_defaultlib.RAM64M_HD2087
Compiling module xil_defaultlib.RAM64M_HD2088
Compiling module xil_defaultlib.RAM64M_HD2089
Compiling module xil_defaultlib.RAM64M_HD2090
Compiling module xil_defaultlib.RAM64M_HD2091
Compiling module xil_defaultlib.RAM64M_HD2092
Compiling module xil_defaultlib.RAM64M_HD2093
Compiling module xil_defaultlib.RAM64M_HD2094
Compiling module xil_defaultlib.RAM64M_HD2095
Compiling module xil_defaultlib.RAM64X1D_HD2096
Compiling module xil_defaultlib.RAM64X1D_HD2097
Compiling module xil_defaultlib.RAM64M_HD2098
Compiling module xil_defaultlib.RAM64M_HD2099
Compiling module xil_defaultlib.RAM64M_HD2100
Compiling module xil_defaultlib.RAM64M_HD2101
Compiling module xil_defaultlib.RAM64M_HD2102
Compiling module xil_defaultlib.RAM64M_HD2103
Compiling module xil_defaultlib.RAM64M_HD2104
Compiling module xil_defaultlib.RAM64M_HD2105
Compiling module xil_defaultlib.RAM64M_HD2106
Compiling module xil_defaultlib.RAM64M_HD2107
Compiling module xil_defaultlib.RAM64X1D_HD2108
Compiling module xil_defaultlib.RAM64X1D_HD2109
Compiling module xil_defaultlib.RAM64M_HD2110
Compiling module xil_defaultlib.RAM64M_HD2111
Compiling module xil_defaultlib.RAM64M_HD2112
Compiling module xil_defaultlib.RAM64M_HD2113
Compiling module xil_defaultlib.RAM64M_HD2114
Compiling module xil_defaultlib.RAM64M_HD2115
Compiling module xil_defaultlib.RAM64M_HD2116
Compiling module xil_defaultlib.RAM64M_HD2117
Compiling module xil_defaultlib.RAM64M_HD2118
Compiling module xil_defaultlib.RAM64M_HD2119
Compiling module xil_defaultlib.RAM64X1D_HD2120
Compiling module xil_defaultlib.RAM64X1D_HD2121
Compiling module xil_defaultlib.RAM64M_HD2122
Compiling module xil_defaultlib.RAM64M_HD2123
Compiling module xil_defaultlib.RAM64M_HD2124
Compiling module xil_defaultlib.RAM64M_HD2125
Compiling module xil_defaultlib.RAM64M_HD2126
Compiling module xil_defaultlib.RAM64M_HD2127
Compiling module xil_defaultlib.RAM64M_HD2128
Compiling module xil_defaultlib.RAM64M_HD2129
Compiling module xil_defaultlib.RAM64M_HD2130
Compiling module xil_defaultlib.RAM64M_HD2131
Compiling module xil_defaultlib.RAM64X1D_HD2132
Compiling module xil_defaultlib.RAM64X1D_HD2133
Compiling module xil_defaultlib.RAM64M_HD2134
Compiling module xil_defaultlib.RAM64M_HD2135
Compiling module xil_defaultlib.RAM64M_HD2136
Compiling module xil_defaultlib.RAM64M_HD2137
Compiling module xil_defaultlib.RAM64M_HD2138
Compiling module xil_defaultlib.RAM64M_HD2139
Compiling module xil_defaultlib.RAM64M_HD2140
Compiling module xil_defaultlib.RAM64M_HD2141
Compiling module xil_defaultlib.RAM64M_HD2142
Compiling module xil_defaultlib.RAM64M_HD2143
Compiling module xil_defaultlib.RAM64X1D_HD2144
Compiling module xil_defaultlib.RAM64X1D_HD2145
Compiling module xil_defaultlib.RAM64M_HD2146
Compiling module xil_defaultlib.RAM64M_HD2147
Compiling module xil_defaultlib.RAM64M_HD2148
Compiling module xil_defaultlib.RAM64M_HD2149
Compiling module xil_defaultlib.RAM64M_HD2150
Compiling module xil_defaultlib.RAM64M_HD2151
Compiling module xil_defaultlib.RAM64M_HD2152
Compiling module xil_defaultlib.RAM64M_HD2153
Compiling module xil_defaultlib.RAM64M_HD2154
Compiling module xil_defaultlib.RAM64M_HD2155
Compiling module xil_defaultlib.RAM64X1D_HD2156
Compiling module xil_defaultlib.RAM64X1D_HD2157
Compiling module xil_defaultlib.RAM64M_HD2158
Compiling module xil_defaultlib.RAM64M_HD2159
Compiling module xil_defaultlib.RAM64M_HD2160
Compiling module xil_defaultlib.RAM64M_HD2161
Compiling module xil_defaultlib.RAM64M_HD2162
Compiling module xil_defaultlib.RAM64M_HD2163
Compiling module xil_defaultlib.RAM64M_HD2164
Compiling module xil_defaultlib.RAM64M_HD2165
Compiling module xil_defaultlib.RAM64M_HD2166
Compiling module xil_defaultlib.RAM64M_HD2167
Compiling module xil_defaultlib.RAM64X1D_HD2168
Compiling module xil_defaultlib.RAM64X1D_HD2169
Compiling module xil_defaultlib.RAM64M_HD2170
Compiling module xil_defaultlib.RAM64M_HD2171
Compiling module xil_defaultlib.RAM64M_HD2172
Compiling module xil_defaultlib.RAM64M_HD2173
Compiling module xil_defaultlib.RAM64M_HD2174
Compiling module xil_defaultlib.RAM64M_HD2175
Compiling module xil_defaultlib.RAM64M_HD2176
Compiling module xil_defaultlib.RAM64M_HD2177
Compiling module xil_defaultlib.RAM64M_HD2178
Compiling module xil_defaultlib.RAM64M_HD2179
Compiling module xil_defaultlib.RAM64X1D_HD2180
Compiling module xil_defaultlib.RAM64X1D_HD2181
Compiling module xil_defaultlib.RAM64M_HD2182
Compiling module xil_defaultlib.RAM64M_HD2183
Compiling module xil_defaultlib.RAM64M_HD2184
Compiling module xil_defaultlib.RAM64M_HD2185
Compiling module xil_defaultlib.RAM64M_HD2186
Compiling module xil_defaultlib.RAM64M_HD2187
Compiling module xil_defaultlib.RAM64M_HD2188
Compiling module xil_defaultlib.RAM64M_HD2189
Compiling module xil_defaultlib.RAM64M_HD2190
Compiling module xil_defaultlib.RAM64M_HD2191
Compiling module xil_defaultlib.RAM64X1D_HD2192
Compiling module xil_defaultlib.RAM64X1D_HD2193
Compiling module xil_defaultlib.RAM64M_HD2194
Compiling module xil_defaultlib.RAM64M_HD2195
Compiling module xil_defaultlib.RAM64M_HD2196
Compiling module xil_defaultlib.RAM64M_HD2197
Compiling module xil_defaultlib.RAM64M_HD2198
Compiling module xil_defaultlib.RAM64M_HD2199
Compiling module xil_defaultlib.RAM64M_HD2200
Compiling module xil_defaultlib.RAM64M_HD2201
Compiling module xil_defaultlib.RAM64M_HD2202
Compiling module xil_defaultlib.RAM64M_HD2203
Compiling module xil_defaultlib.RAM64X1D_HD2204
Compiling module xil_defaultlib.RAM64X1D_HD2205
Compiling module xil_defaultlib.RAM64M_HD2206
Compiling module xil_defaultlib.RAM64M_HD2207
Compiling module xil_defaultlib.RAM64M_HD2208
Compiling module xil_defaultlib.RAM64M_HD2209
Compiling module xil_defaultlib.RAM64M_HD2210
Compiling module xil_defaultlib.RAM64M_HD2211
Compiling module xil_defaultlib.RAM64M_HD2212
Compiling module xil_defaultlib.RAM64M_HD2213
Compiling module xil_defaultlib.RAM64M_HD2214
Compiling module xil_defaultlib.RAM64M_HD2215
Compiling module xil_defaultlib.RAM64X1D_HD2216
Compiling module xil_defaultlib.RAM64X1D_HD2217
Compiling module xil_defaultlib.RAM64M_HD2218
Compiling module xil_defaultlib.RAM64M_HD2219
Compiling module xil_defaultlib.RAM64M_HD2220
Compiling module xil_defaultlib.RAM64M_HD2221
Compiling module xil_defaultlib.RAM64M_HD2222
Compiling module xil_defaultlib.RAM64M_HD2223
Compiling module xil_defaultlib.RAM64M_HD2224
Compiling module xil_defaultlib.RAM64M_HD2225
Compiling module xil_defaultlib.RAM64M_HD2226
Compiling module xil_defaultlib.RAM64M_HD2227
Compiling module xil_defaultlib.RAM64X1D_HD2228
Compiling module xil_defaultlib.RAM64X1D_HD2229
Compiling module xil_defaultlib.RAM64M_HD2230
Compiling module xil_defaultlib.RAM64M_HD2231
Compiling module xil_defaultlib.RAM64M_HD2232
Compiling module xil_defaultlib.RAM64M_HD2233
Compiling module xil_defaultlib.RAM64M_HD2234
Compiling module xil_defaultlib.RAM64M_HD2235
Compiling module xil_defaultlib.RAM64M_HD2236
Compiling module xil_defaultlib.RAM64M_HD2237
Compiling module xil_defaultlib.RAM64M_HD2238
Compiling module xil_defaultlib.RAM64M_HD2239
Compiling module xil_defaultlib.RAM64X1D_HD2240
Compiling module xil_defaultlib.RAM64X1D_HD2241
Compiling module xil_defaultlib.RAM64M_HD2242
Compiling module xil_defaultlib.RAM64M_HD2243
Compiling module xil_defaultlib.RAM64M_HD2244
Compiling module xil_defaultlib.RAM64M_HD2245
Compiling module xil_defaultlib.RAM64M_HD2246
Compiling module xil_defaultlib.RAM64M_HD2247
Compiling module xil_defaultlib.RAM64M_HD2248
Compiling module xil_defaultlib.RAM64M_HD2249
Compiling module xil_defaultlib.RAM64M_HD2250
Compiling module xil_defaultlib.RAM64M_HD2251
Compiling module xil_defaultlib.RAM64X1D_HD2252
Compiling module xil_defaultlib.RAM64X1D_HD2253
Compiling module xil_defaultlib.RAM64M_HD2254
Compiling module xil_defaultlib.RAM64M_HD2255
Compiling module xil_defaultlib.RAM64M_HD2256
Compiling module xil_defaultlib.RAM64M_HD2257
Compiling module xil_defaultlib.RAM64M_HD2258
Compiling module xil_defaultlib.RAM64M_HD2259
Compiling module xil_defaultlib.RAM64M_HD2260
Compiling module xil_defaultlib.RAM64M_HD2261
Compiling module xil_defaultlib.RAM64M_HD2262
Compiling module xil_defaultlib.RAM64M_HD2263
Compiling module xil_defaultlib.RAM64X1D_HD2264
Compiling module xil_defaultlib.RAM64X1D_HD2265
Compiling module xil_defaultlib.RAM64M_HD2266
Compiling module xil_defaultlib.RAM64M_HD2267
Compiling module xil_defaultlib.RAM64M_HD2268
Compiling module xil_defaultlib.RAM64M_HD2269
Compiling module xil_defaultlib.RAM64M_HD2270
Compiling module xil_defaultlib.RAM64M_HD2271
Compiling module xil_defaultlib.RAM64M_HD2272
Compiling module xil_defaultlib.RAM64M_HD2273
Compiling module xil_defaultlib.RAM64M_HD2274
Compiling module xil_defaultlib.RAM64M_HD2275
Compiling module xil_defaultlib.RAM64X1D_HD2276
Compiling module xil_defaultlib.RAM64X1D_HD2277
Compiling module xil_defaultlib.RAM64M_HD2278
Compiling module xil_defaultlib.RAM64M_HD2279
Compiling module xil_defaultlib.RAM64M_HD2280
Compiling module xil_defaultlib.RAM64M_HD2281
Compiling module xil_defaultlib.RAM64M_HD2282
Compiling module xil_defaultlib.RAM64M_HD2283
Compiling module xil_defaultlib.RAM64M_HD2284
Compiling module xil_defaultlib.RAM64M_HD2285
Compiling module xil_defaultlib.RAM64M_HD2286
Compiling module simprims_ver.RAMD32
Compiling module xil_defaultlib.RAM32X1D_UNIQ_BASE_
Compiling module xil_defaultlib.RAM32X1D_HD2287
Compiling module xil_defaultlib.RAM32X1D_HD2288
Compiling module xil_defaultlib.RAM32X1D_HD2289
Compiling module xil_defaultlib.RAM32X1D_HD2290
Compiling module xil_defaultlib.RAM32X1D_HD2291
Compiling module xil_defaultlib.RAM32X1D_HD2292
Compiling module xil_defaultlib.RAM32X1D_HD2293
Compiling module xil_defaultlib.RAM32X1D_HD2294
Compiling module xil_defaultlib.RAM32X1D_HD2295
Compiling module xil_defaultlib.RAM32X1D_HD2296
Compiling module xil_defaultlib.RAM32X1D_HD2297
Compiling module xil_defaultlib.RAM32X1D_HD2298
Compiling module xil_defaultlib.RAM32X1D_HD2299
Compiling module xil_defaultlib.RAM32X1D_HD2300
Compiling module xil_defaultlib.RAM32X1D_HD2301
Compiling module xil_defaultlib.RAM32X1D_HD2302
Compiling module xil_defaultlib.RAM32X1D_HD2303
Compiling module xil_defaultlib.RAM32X1D_HD2304
Compiling module xil_defaultlib.RAM32X1D_HD2305
Compiling module xil_defaultlib.RAM32X1D_HD2306
Compiling module xil_defaultlib.RAM32X1D_HD2307
Compiling module xil_defaultlib.RAM32X1D_HD2308
Compiling module xil_defaultlib.RAM32X1D_HD2309
Compiling module xil_defaultlib.RAM64M_HD2310
Compiling module xil_defaultlib.RAM64M_HD2311
Compiling module xil_defaultlib.RAM64M_HD2312
Compiling module xil_defaultlib.RAM64M_HD2313
Compiling module xil_defaultlib.create_tree
Compiling module xil_defaultlib.huffman_decoder
Compiling module xil_defaultlib.huffman_decoder_tb
Compiling module xil_defaultlib.glbl
Built simulation snapshot huffman_decoder_tb_time_synth
