INFO: [VRFC 10-2263] Analyzing Verilog file "D:/SDUP_2020_projekt_H/Huffman/Huffman.sim/sim_1/synth/timing/huffman_decoder_tb_time_synth.v" into library xil_defaultlib
INFO: [VRFC 10-311] analyzing module RAM128X1D_UNIQ_BASE_
INFO: [VRFC 10-311] analyzing module RAM128X1D_HD1703
INFO: [VRFC 10-311] analyzing module RAM32X1D_UNIQ_BASE_
INFO: [VRFC 10-311] analyzing module RAM32X1D_HD2287
INFO: [VRFC 10-311] analyzing module RAM32X1D_HD2288
INFO: [VRFC 10-311] analyzing module RAM32X1D_HD2289
INFO: [VRFC 10-311] analyzing module RAM32X1D_HD2290
INFO: [VRFC 10-311] analyzing module RAM32X1D_HD2291
INFO: [VRFC 10-311] analyzing module RAM32X1D_HD2292
INFO: [VRFC 10-311] analyzing module RAM32X1D_HD2293
INFO: [VRFC 10-311] analyzing module RAM32X1D_HD2294
INFO: [VRFC 10-311] analyzing module RAM32X1D_HD2295
INFO: [VRFC 10-311] analyzing module RAM32X1D_HD2296
INFO: [VRFC 10-311] analyzing module RAM32X1D_HD2297
INFO: [VRFC 10-311] analyzing module RAM32X1D_HD2298
INFO: [VRFC 10-311] analyzing module RAM32X1D_HD2299
INFO: [VRFC 10-311] analyzing module RAM32X1D_HD2300
INFO: [VRFC 10-311] analyzing module RAM32X1D_HD2301
INFO: [VRFC 10-311] analyzing module RAM32X1D_HD2302
INFO: [VRFC 10-311] analyzing module RAM32X1D_HD2303
INFO: [VRFC 10-311] analyzing module RAM32X1D_HD2304
INFO: [VRFC 10-311] analyzing module RAM32X1D_HD2305
INFO: [VRFC 10-311] analyzing module RAM32X1D_HD2306
INFO: [VRFC 10-311] analyzing module RAM32X1D_HD2307
INFO: [VRFC 10-311] analyzing module RAM32X1D_HD2308
INFO: [VRFC 10-311] analyzing module RAM32X1D_HD2309
INFO: [VRFC 10-311] analyzing module RAM32X1S_UNIQ_BASE_
INFO: [VRFC 10-311] analyzing module RAM32X1S_HD1654
INFO: [VRFC 10-311] analyzing module RAM32X1S_HD1655
INFO: [VRFC 10-311] analyzing module RAM32X1S_HD1656
INFO: [VRFC 10-311] analyzing module RAM32X1S_HD1657
INFO: [VRFC 10-311] analyzing module RAM32X1S_HD1658
INFO: [VRFC 10-311] analyzing module RAM32X1S_HD1659
INFO: [VRFC 10-311] analyzing module RAM32X1S_HD1660
INFO: [VRFC 10-311] analyzing module RAM32X1S_HD1661
INFO: [VRFC 10-311] analyzing module RAM32X1S_HD1662
INFO: [VRFC 10-311] analyzing module RAM32X1S_HD1663
INFO: [VRFC 10-311] analyzing module RAM32X1S_HD1664
INFO: [VRFC 10-311] analyzing module RAM32X1S_HD1665
INFO: [VRFC 10-311] analyzing module RAM32X1S_HD1666
INFO: [VRFC 10-311] analyzing module RAM32X1S_HD1667
INFO: [VRFC 10-311] analyzing module RAM32X1S_HD1668
INFO: [VRFC 10-311] analyzing module RAM32X1S_HD1669
INFO: [VRFC 10-311] analyzing module RAM32X1S_HD1670
INFO: [VRFC 10-311] analyzing module RAM32X1S_HD1671
INFO: [VRFC 10-311] analyzing module RAM32X1S_HD1672
INFO: [VRFC 10-311] analyzing module RAM32X1S_HD1673
INFO: [VRFC 10-311] analyzing module RAM32X1S_HD1674
INFO: [VRFC 10-311] analyzing module RAM32X1S_HD1675
INFO: [VRFC 10-311] analyzing module RAM32X1S_HD1676
INFO: [VRFC 10-311] analyzing module RAM32X1S_HD1677
INFO: [VRFC 10-311] analyzing module RAM32X1S_HD1678
INFO: [VRFC 10-311] analyzing module RAM32X1S_HD1679
INFO: [VRFC 10-311] analyzing module RAM32X1S_HD1680
INFO: [VRFC 10-311] analyzing module RAM32X1S_HD1681
INFO: [VRFC 10-311] analyzing module RAM32X1S_HD1682
INFO: [VRFC 10-311] analyzing module RAM32X1S_HD1683
INFO: [VRFC 10-311] analyzing module RAM32X1S_HD1684
INFO: [VRFC 10-311] analyzing module RAM32X1S_HD1685
INFO: [VRFC 10-311] analyzing module RAM32X1S_HD1686
INFO: [VRFC 10-311] analyzing module RAM32X1S_HD1687
INFO: [VRFC 10-311] analyzing module RAM32X1S_HD1688
INFO: [VRFC 10-311] analyzing module RAM32X1S_HD1689
INFO: [VRFC 10-311] analyzing module RAM32X1S_HD1690
INFO: [VRFC 10-311] analyzing module RAM32X1S_HD1691
INFO: [VRFC 10-311] analyzing module RAM32X1S_HD1692
INFO: [VRFC 10-311] analyzing module RAM32X1S_HD1693
INFO: [VRFC 10-311] analyzing module RAM32X1S_HD1694
INFO: [VRFC 10-311] analyzing module RAM32X1S_HD1695
INFO: [VRFC 10-311] analyzing module RAM32X1S_HD1696
INFO: [VRFC 10-311] analyzing module RAM32X1S_HD1697
INFO: [VRFC 10-311] analyzing module RAM32X1S_HD1698
INFO: [VRFC 10-311] analyzing module RAM32X1S_HD1699
INFO: [VRFC 10-311] analyzing module RAM32X1S_HD1700
INFO: [VRFC 10-311] analyzing module RAM64M_UNIQ_BASE_
INFO: [VRFC 10-311] analyzing module RAM64M_HD1701
INFO: [VRFC 10-311] analyzing module RAM64M_HD1702
INFO: [VRFC 10-311] analyzing module RAM64M_HD1704
INFO: [VRFC 10-311] analyzing module RAM64M_HD1705
INFO: [VRFC 10-311] analyzing module RAM64M_HD1706
INFO: [VRFC 10-311] analyzing module RAM64M_HD1707
INFO: [VRFC 10-311] analyzing module RAM64M_HD1708
INFO: [VRFC 10-311] analyzing module RAM64M_HD1709
INFO: [VRFC 10-311] analyzing module RAM64M_HD1710
INFO: [VRFC 10-311] analyzing module RAM64M_HD1711
INFO: [VRFC 10-311] analyzing module RAM64M_HD1713
INFO: [VRFC 10-311] analyzing module RAM64M_HD1714
INFO: [VRFC 10-311] analyzing module RAM64M_HD1715
INFO: [VRFC 10-311] analyzing module RAM64M_HD1716
INFO: [VRFC 10-311] analyzing module RAM64M_HD1718
INFO: [VRFC 10-311] analyzing module RAM64M_HD1719
INFO: [VRFC 10-311] analyzing module RAM64M_HD1720
INFO: [VRFC 10-311] analyzing module RAM64M_HD1721
INFO: [VRFC 10-311] analyzing module RAM64M_HD1723
INFO: [VRFC 10-311] analyzing module RAM64M_HD1724
INFO: [VRFC 10-311] analyzing module RAM64M_HD1725
INFO: [VRFC 10-311] analyzing module RAM64M_HD1726
INFO: [VRFC 10-311] analyzing module RAM64M_HD1727
INFO: [VRFC 10-311] analyzing module RAM64M_HD1728
INFO: [VRFC 10-311] analyzing module RAM64M_HD1729
INFO: [VRFC 10-311] analyzing module RAM64M_HD1730
INFO: [VRFC 10-311] analyzing module RAM64M_HD1731
INFO: [VRFC 10-311] analyzing module RAM64M_HD1732
INFO: [VRFC 10-311] analyzing module RAM64M_HD1733
INFO: [VRFC 10-311] analyzing module RAM64M_HD1734
INFO: [VRFC 10-311] analyzing module RAM64M_HD1735
INFO: [VRFC 10-311] analyzing module RAM64M_HD1736
INFO: [VRFC 10-311] analyzing module RAM64M_HD1737
INFO: [VRFC 10-311] analyzing module RAM64M_HD1738
INFO: [VRFC 10-311] analyzing module RAM64M_HD1740
INFO: [VRFC 10-311] analyzing module RAM64M_HD1741
INFO: [VRFC 10-311] analyzing module RAM64M_HD1742
INFO: [VRFC 10-311] analyzing module RAM64M_HD1743
INFO: [VRFC 10-311] analyzing module RAM64M_HD1745
INFO: [VRFC 10-311] analyzing module RAM64M_HD1746
INFO: [VRFC 10-311] analyzing module RAM64M_HD1747
INFO: [VRFC 10-311] analyzing module RAM64M_HD1748
INFO: [VRFC 10-311] analyzing module RAM64M_HD1750
INFO: [VRFC 10-311] analyzing module RAM64M_HD1751
INFO: [VRFC 10-311] analyzing module RAM64M_HD1752
INFO: [VRFC 10-311] analyzing module RAM64M_HD1753
INFO: [VRFC 10-311] analyzing module RAM64M_HD1755
INFO: [VRFC 10-311] analyzing module RAM64M_HD1756
INFO: [VRFC 10-311] analyzing module RAM64M_HD1757
INFO: [VRFC 10-311] analyzing module RAM64M_HD1758
INFO: [VRFC 10-311] analyzing module RAM64M_HD1760
INFO: [VRFC 10-311] analyzing module RAM64M_HD1761
INFO: [VRFC 10-311] analyzing module RAM64M_HD1762
INFO: [VRFC 10-311] analyzing module RAM64M_HD1763
INFO: [VRFC 10-311] analyzing module RAM64M_HD1765
INFO: [VRFC 10-311] analyzing module RAM64M_HD1766
INFO: [VRFC 10-311] analyzing module RAM64M_HD1767
INFO: [VRFC 10-311] analyzing module RAM64M_HD1768
INFO: [VRFC 10-311] analyzing module RAM64M_HD1770
INFO: [VRFC 10-311] analyzing module RAM64M_HD1771
INFO: [VRFC 10-311] analyzing module RAM64M_HD1772
INFO: [VRFC 10-311] analyzing module RAM64M_HD1773
INFO: [VRFC 10-311] analyzing module RAM64M_HD1775
INFO: [VRFC 10-311] analyzing module RAM64M_HD1776
INFO: [VRFC 10-311] analyzing module RAM64M_HD1777
INFO: [VRFC 10-311] analyzing module RAM64M_HD1778
INFO: [VRFC 10-311] analyzing module RAM64M_HD1779
INFO: [VRFC 10-311] analyzing module RAM64M_HD1780
INFO: [VRFC 10-311] analyzing module RAM64M_HD1781
INFO: [VRFC 10-311] analyzing module RAM64M_HD1782
INFO: [VRFC 10-311] analyzing module RAM64M_HD1783
INFO: [VRFC 10-311] analyzing module RAM64M_HD1784
INFO: [VRFC 10-311] analyzing module RAM64M_HD1785
INFO: [VRFC 10-311] analyzing module RAM64M_HD1786
INFO: [VRFC 10-311] analyzing module RAM64M_HD1787
INFO: [VRFC 10-311] analyzing module RAM64M_HD1788
INFO: [VRFC 10-311] analyzing module RAM64M_HD1789
INFO: [VRFC 10-311] analyzing module RAM64M_HD1790
INFO: [VRFC 10-311] analyzing module RAM64M_HD1791
INFO: [VRFC 10-311] analyzing module RAM64M_HD1792
INFO: [VRFC 10-311] analyzing module RAM64M_HD1793
INFO: [VRFC 10-311] analyzing module RAM64M_HD1794
INFO: [VRFC 10-311] analyzing module RAM64M_HD1795
INFO: [VRFC 10-311] analyzing module RAM64M_HD1796
INFO: [VRFC 10-311] analyzing module RAM64M_HD1797
INFO: [VRFC 10-311] analyzing module RAM64M_HD1798
INFO: [VRFC 10-311] analyzing module RAM64M_HD1799
INFO: [VRFC 10-311] analyzing module RAM64M_HD1800
INFO: [VRFC 10-311] analyzing module RAM64M_HD1801
INFO: [VRFC 10-311] analyzing module RAM64M_HD1802
INFO: [VRFC 10-311] analyzing module RAM64M_HD1803
INFO: [VRFC 10-311] analyzing module RAM64M_HD1804
INFO: [VRFC 10-311] analyzing module RAM64M_HD1805
INFO: [VRFC 10-311] analyzing module RAM64M_HD1806
INFO: [VRFC 10-311] analyzing module RAM64M_HD1807
INFO: [VRFC 10-311] analyzing module RAM64M_HD1810
INFO: [VRFC 10-311] analyzing module RAM64M_HD1811
INFO: [VRFC 10-311] analyzing module RAM64M_HD1812
INFO: [VRFC 10-311] analyzing module RAM64M_HD1813
INFO: [VRFC 10-311] analyzing module RAM64M_HD1814
INFO: [VRFC 10-311] analyzing module RAM64M_HD1815
INFO: [VRFC 10-311] analyzing module RAM64M_HD1816
INFO: [VRFC 10-311] analyzing module RAM64M_HD1817
INFO: [VRFC 10-311] analyzing module RAM64M_HD1818
INFO: [VRFC 10-311] analyzing module RAM64M_HD1819
INFO: [VRFC 10-311] analyzing module RAM64M_HD1822
INFO: [VRFC 10-311] analyzing module RAM64M_HD1823
INFO: [VRFC 10-311] analyzing module RAM64M_HD1824
INFO: [VRFC 10-311] analyzing module RAM64M_HD1825
INFO: [VRFC 10-311] analyzing module RAM64M_HD1826
INFO: [VRFC 10-311] analyzing module RAM64M_HD1827
INFO: [VRFC 10-311] analyzing module RAM64M_HD1828
INFO: [VRFC 10-311] analyzing module RAM64M_HD1829
INFO: [VRFC 10-311] analyzing module RAM64M_HD1830
INFO: [VRFC 10-311] analyzing module RAM64M_HD1831
INFO: [VRFC 10-311] analyzing module RAM64M_HD1834
INFO: [VRFC 10-311] analyzing module RAM64M_HD1835
INFO: [VRFC 10-311] analyzing module RAM64M_HD1836
INFO: [VRFC 10-311] analyzing module RAM64M_HD1837
INFO: [VRFC 10-311] analyzing module RAM64M_HD1838
INFO: [VRFC 10-311] analyzing module RAM64M_HD1839
INFO: [VRFC 10-311] analyzing module RAM64M_HD1840
INFO: [VRFC 10-311] analyzing module RAM64M_HD1841
INFO: [VRFC 10-311] analyzing module RAM64M_HD1842
INFO: [VRFC 10-311] analyzing module RAM64M_HD1843
INFO: [VRFC 10-311] analyzing module RAM64M_HD1846
INFO: [VRFC 10-311] analyzing module RAM64M_HD1847
INFO: [VRFC 10-311] analyzing module RAM64M_HD1848
INFO: [VRFC 10-311] analyzing module RAM64M_HD1849
INFO: [VRFC 10-311] analyzing module RAM64M_HD1850
INFO: [VRFC 10-311] analyzing module RAM64M_HD1851
INFO: [VRFC 10-311] analyzing module RAM64M_HD1852
INFO: [VRFC 10-311] analyzing module RAM64M_HD1853
INFO: [VRFC 10-311] analyzing module RAM64M_HD1854
INFO: [VRFC 10-311] analyzing module RAM64M_HD1855
INFO: [VRFC 10-311] analyzing module RAM64M_HD1858
INFO: [VRFC 10-311] analyzing module RAM64M_HD1859
INFO: [VRFC 10-311] analyzing module RAM64M_HD1860
INFO: [VRFC 10-311] analyzing module RAM64M_HD1861
INFO: [VRFC 10-311] analyzing module RAM64M_HD1862
INFO: [VRFC 10-311] analyzing module RAM64M_HD1863
INFO: [VRFC 10-311] analyzing module RAM64M_HD1864
INFO: [VRFC 10-311] analyzing module RAM64M_HD1865
INFO: [VRFC 10-311] analyzing module RAM64M_HD1866
INFO: [VRFC 10-311] analyzing module RAM64M_HD1867
INFO: [VRFC 10-311] analyzing module RAM64M_HD1870
INFO: [VRFC 10-311] analyzing module RAM64M_HD1871
INFO: [VRFC 10-311] analyzing module RAM64M_HD1872
INFO: [VRFC 10-311] analyzing module RAM64M_HD1873
INFO: [VRFC 10-311] analyzing module RAM64M_HD1874
INFO: [VRFC 10-311] analyzing module RAM64M_HD1875
INFO: [VRFC 10-311] analyzing module RAM64M_HD1876
INFO: [VRFC 10-311] analyzing module RAM64M_HD1877
INFO: [VRFC 10-311] analyzing module RAM64M_HD1878
INFO: [VRFC 10-311] analyzing module RAM64M_HD1879
INFO: [VRFC 10-311] analyzing module RAM64M_HD1882
INFO: [VRFC 10-311] analyzing module RAM64M_HD1883
INFO: [VRFC 10-311] analyzing module RAM64M_HD1884
INFO: [VRFC 10-311] analyzing module RAM64M_HD1885
INFO: [VRFC 10-311] analyzing module RAM64M_HD1886
INFO: [VRFC 10-311] analyzing module RAM64M_HD1887
INFO: [VRFC 10-311] analyzing module RAM64M_HD1888
INFO: [VRFC 10-311] analyzing module RAM64M_HD1889
INFO: [VRFC 10-311] analyzing module RAM64M_HD1890
INFO: [VRFC 10-311] analyzing module RAM64M_HD1891
INFO: [VRFC 10-311] analyzing module RAM64M_HD1894
INFO: [VRFC 10-311] analyzing module RAM64M_HD1895
INFO: [VRFC 10-311] analyzing module RAM64M_HD1896
INFO: [VRFC 10-311] analyzing module RAM64M_HD1897
INFO: [VRFC 10-311] analyzing module RAM64M_HD1898
INFO: [VRFC 10-311] analyzing module RAM64M_HD1899
INFO: [VRFC 10-311] analyzing module RAM64M_HD1900
INFO: [VRFC 10-311] analyzing module RAM64M_HD1901
INFO: [VRFC 10-311] analyzing module RAM64M_HD1902
INFO: [VRFC 10-311] analyzing module RAM64M_HD1903
INFO: [VRFC 10-311] analyzing module RAM64M_HD1906
INFO: [VRFC 10-311] analyzing module RAM64M_HD1907
INFO: [VRFC 10-311] analyzing module RAM64M_HD1908
INFO: [VRFC 10-311] analyzing module RAM64M_HD1909
INFO: [VRFC 10-311] analyzing module RAM64M_HD1910
INFO: [VRFC 10-311] analyzing module RAM64M_HD1911
INFO: [VRFC 10-311] analyzing module RAM64M_HD1912
INFO: [VRFC 10-311] analyzing module RAM64M_HD1913
INFO: [VRFC 10-311] analyzing module RAM64M_HD1914
INFO: [VRFC 10-311] analyzing module RAM64M_HD1915
INFO: [VRFC 10-311] analyzing module RAM64M_HD1918
INFO: [VRFC 10-311] analyzing module RAM64M_HD1919
INFO: [VRFC 10-311] analyzing module RAM64M_HD1920
INFO: [VRFC 10-311] analyzing module RAM64M_HD1921
INFO: [VRFC 10-311] analyzing module RAM64M_HD1922
INFO: [VRFC 10-311] analyzing module RAM64M_HD1923
INFO: [VRFC 10-311] analyzing module RAM64M_HD1924
INFO: [VRFC 10-311] analyzing module RAM64M_HD1925
INFO: [VRFC 10-311] analyzing module RAM64M_HD1926
INFO: [VRFC 10-311] analyzing module RAM64M_HD1927
INFO: [VRFC 10-311] analyzing module RAM64M_HD1930
INFO: [VRFC 10-311] analyzing module RAM64M_HD1931
INFO: [VRFC 10-311] analyzing module RAM64M_HD1932
INFO: [VRFC 10-311] analyzing module RAM64M_HD1933
INFO: [VRFC 10-311] analyzing module RAM64M_HD1934
INFO: [VRFC 10-311] analyzing module RAM64M_HD1935
INFO: [VRFC 10-311] analyzing module RAM64M_HD1936
INFO: [VRFC 10-311] analyzing module RAM64M_HD1937
INFO: [VRFC 10-311] analyzing module RAM64M_HD1938
INFO: [VRFC 10-311] analyzing module RAM64M_HD1939
INFO: [VRFC 10-311] analyzing module RAM64M_HD1942
INFO: [VRFC 10-311] analyzing module RAM64M_HD1943
INFO: [VRFC 10-311] analyzing module RAM64M_HD1944
INFO: [VRFC 10-311] analyzing module RAM64M_HD1945
INFO: [VRFC 10-311] analyzing module RAM64M_HD1946
INFO: [VRFC 10-311] analyzing module RAM64M_HD1947
INFO: [VRFC 10-311] analyzing module RAM64M_HD1948
INFO: [VRFC 10-311] analyzing module RAM64M_HD1949
INFO: [VRFC 10-311] analyzing module RAM64M_HD1950
INFO: [VRFC 10-311] analyzing module RAM64M_HD1951
INFO: [VRFC 10-311] analyzing module RAM64M_HD1954
INFO: [VRFC 10-311] analyzing module RAM64M_HD1955
INFO: [VRFC 10-311] analyzing module RAM64M_HD1956
INFO: [VRFC 10-311] analyzing module RAM64M_HD1957
INFO: [VRFC 10-311] analyzing module RAM64M_HD1958
INFO: [VRFC 10-311] analyzing module RAM64M_HD1959
INFO: [VRFC 10-311] analyzing module RAM64M_HD1960
INFO: [VRFC 10-311] analyzing module RAM64M_HD1961
INFO: [VRFC 10-311] analyzing module RAM64M_HD1962
INFO: [VRFC 10-311] analyzing module RAM64M_HD1963
INFO: [VRFC 10-311] analyzing module RAM64M_HD1966
INFO: [VRFC 10-311] analyzing module RAM64M_HD1967
INFO: [VRFC 10-311] analyzing module RAM64M_HD1968
INFO: [VRFC 10-311] analyzing module RAM64M_HD1969
INFO: [VRFC 10-311] analyzing module RAM64M_HD1970
INFO: [VRFC 10-311] analyzing module RAM64M_HD1971
INFO: [VRFC 10-311] analyzing module RAM64M_HD1972
INFO: [VRFC 10-311] analyzing module RAM64M_HD1973
INFO: [VRFC 10-311] analyzing module RAM64M_HD1974
INFO: [VRFC 10-311] analyzing module RAM64M_HD1975
INFO: [VRFC 10-311] analyzing module RAM64M_HD1978
INFO: [VRFC 10-311] analyzing module RAM64M_HD1979
INFO: [VRFC 10-311] analyzing module RAM64M_HD1980
INFO: [VRFC 10-311] analyzing module RAM64M_HD1981
INFO: [VRFC 10-311] analyzing module RAM64M_HD1982
INFO: [VRFC 10-311] analyzing module RAM64M_HD1983
INFO: [VRFC 10-311] analyzing module RAM64M_HD1984
INFO: [VRFC 10-311] analyzing module RAM64M_HD1985
INFO: [VRFC 10-311] analyzing module RAM64M_HD1986
INFO: [VRFC 10-311] analyzing module RAM64M_HD1987
INFO: [VRFC 10-311] analyzing module RAM64M_HD1990
INFO: [VRFC 10-311] analyzing module RAM64M_HD1991
INFO: [VRFC 10-311] analyzing module RAM64M_HD1992
INFO: [VRFC 10-311] analyzing module RAM64M_HD1993
INFO: [VRFC 10-311] analyzing module RAM64M_HD1994
INFO: [VRFC 10-311] analyzing module RAM64M_HD1995
INFO: [VRFC 10-311] analyzing module RAM64M_HD1996
INFO: [VRFC 10-311] analyzing module RAM64M_HD1997
INFO: [VRFC 10-311] analyzing module RAM64M_HD1998
INFO: [VRFC 10-311] analyzing module RAM64M_HD1999
INFO: [VRFC 10-311] analyzing module RAM64M_HD2002
INFO: [VRFC 10-311] analyzing module RAM64M_HD2003
INFO: [VRFC 10-311] analyzing module RAM64M_HD2004
INFO: [VRFC 10-311] analyzing module RAM64M_HD2005
INFO: [VRFC 10-311] analyzing module RAM64M_HD2006
INFO: [VRFC 10-311] analyzing module RAM64M_HD2007
INFO: [VRFC 10-311] analyzing module RAM64M_HD2008
INFO: [VRFC 10-311] analyzing module RAM64M_HD2009
INFO: [VRFC 10-311] analyzing module RAM64M_HD2010
INFO: [VRFC 10-311] analyzing module RAM64M_HD2011
INFO: [VRFC 10-311] analyzing module RAM64M_HD2014
INFO: [VRFC 10-311] analyzing module RAM64M_HD2015
INFO: [VRFC 10-311] analyzing module RAM64M_HD2016
INFO: [VRFC 10-311] analyzing module RAM64M_HD2017
INFO: [VRFC 10-311] analyzing module RAM64M_HD2018
INFO: [VRFC 10-311] analyzing module RAM64M_HD2019
INFO: [VRFC 10-311] analyzing module RAM64M_HD2020
INFO: [VRFC 10-311] analyzing module RAM64M_HD2021
INFO: [VRFC 10-311] analyzing module RAM64M_HD2022
INFO: [VRFC 10-311] analyzing module RAM64M_HD2023
INFO: [VRFC 10-311] analyzing module RAM64M_HD2026
INFO: [VRFC 10-311] analyzing module RAM64M_HD2027
INFO: [VRFC 10-311] analyzing module RAM64M_HD2028
INFO: [VRFC 10-311] analyzing module RAM64M_HD2029
INFO: [VRFC 10-311] analyzing module RAM64M_HD2030
INFO: [VRFC 10-311] analyzing module RAM64M_HD2031
INFO: [VRFC 10-311] analyzing module RAM64M_HD2032
INFO: [VRFC 10-311] analyzing module RAM64M_HD2033
INFO: [VRFC 10-311] analyzing module RAM64M_HD2034
INFO: [VRFC 10-311] analyzing module RAM64M_HD2035
INFO: [VRFC 10-311] analyzing module RAM64M_HD2038
INFO: [VRFC 10-311] analyzing module RAM64M_HD2039
INFO: [VRFC 10-311] analyzing module RAM64M_HD2040
INFO: [VRFC 10-311] analyzing module RAM64M_HD2041
INFO: [VRFC 10-311] analyzing module RAM64M_HD2042
INFO: [VRFC 10-311] analyzing module RAM64M_HD2043
INFO: [VRFC 10-311] analyzing module RAM64M_HD2044
INFO: [VRFC 10-311] analyzing module RAM64M_HD2045
INFO: [VRFC 10-311] analyzing module RAM64M_HD2046
INFO: [VRFC 10-311] analyzing module RAM64M_HD2047
INFO: [VRFC 10-311] analyzing module RAM64M_HD2050
INFO: [VRFC 10-311] analyzing module RAM64M_HD2051
INFO: [VRFC 10-311] analyzing module RAM64M_HD2052
INFO: [VRFC 10-311] analyzing module RAM64M_HD2053
INFO: [VRFC 10-311] analyzing module RAM64M_HD2054
INFO: [VRFC 10-311] analyzing module RAM64M_HD2055
INFO: [VRFC 10-311] analyzing module RAM64M_HD2056
INFO: [VRFC 10-311] analyzing module RAM64M_HD2057
INFO: [VRFC 10-311] analyzing module RAM64M_HD2058
INFO: [VRFC 10-311] analyzing module RAM64M_HD2059
INFO: [VRFC 10-311] analyzing module RAM64M_HD2062
INFO: [VRFC 10-311] analyzing module RAM64M_HD2063
INFO: [VRFC 10-311] analyzing module RAM64M_HD2064
INFO: [VRFC 10-311] analyzing module RAM64M_HD2065
INFO: [VRFC 10-311] analyzing module RAM64M_HD2066
INFO: [VRFC 10-311] analyzing module RAM64M_HD2067
INFO: [VRFC 10-311] analyzing module RAM64M_HD2068
INFO: [VRFC 10-311] analyzing module RAM64M_HD2069
INFO: [VRFC 10-311] analyzing module RAM64M_HD2070
INFO: [VRFC 10-311] analyzing module RAM64M_HD2071
INFO: [VRFC 10-311] analyzing module RAM64M_HD2074
INFO: [VRFC 10-311] analyzing module RAM64M_HD2075
INFO: [VRFC 10-311] analyzing module RAM64M_HD2076
INFO: [VRFC 10-311] analyzing module RAM64M_HD2077
INFO: [VRFC 10-311] analyzing module RAM64M_HD2078
INFO: [VRFC 10-311] analyzing module RAM64M_HD2079
INFO: [VRFC 10-311] analyzing module RAM64M_HD2080
INFO: [VRFC 10-311] analyzing module RAM64M_HD2081
INFO: [VRFC 10-311] analyzing module RAM64M_HD2082
INFO: [VRFC 10-311] analyzing module RAM64M_HD2083
INFO: [VRFC 10-311] analyzing module RAM64M_HD2086
INFO: [VRFC 10-311] analyzing module RAM64M_HD2087
INFO: [VRFC 10-311] analyzing module RAM64M_HD2088
INFO: [VRFC 10-311] analyzing module RAM64M_HD2089
INFO: [VRFC 10-311] analyzing module RAM64M_HD2090
INFO: [VRFC 10-311] analyzing module RAM64M_HD2091
INFO: [VRFC 10-311] analyzing module RAM64M_HD2092
INFO: [VRFC 10-311] analyzing module RAM64M_HD2093
INFO: [VRFC 10-311] analyzing module RAM64M_HD2094
INFO: [VRFC 10-311] analyzing module RAM64M_HD2095
INFO: [VRFC 10-311] analyzing module RAM64M_HD2098
INFO: [VRFC 10-311] analyzing module RAM64M_HD2099
INFO: [VRFC 10-311] analyzing module RAM64M_HD2100
INFO: [VRFC 10-311] analyzing module RAM64M_HD2101
INFO: [VRFC 10-311] analyzing module RAM64M_HD2102
INFO: [VRFC 10-311] analyzing module RAM64M_HD2103
INFO: [VRFC 10-311] analyzing module RAM64M_HD2104
INFO: [VRFC 10-311] analyzing module RAM64M_HD2105
INFO: [VRFC 10-311] analyzing module RAM64M_HD2106
INFO: [VRFC 10-311] analyzing module RAM64M_HD2107
INFO: [VRFC 10-311] analyzing module RAM64M_HD2110
INFO: [VRFC 10-311] analyzing module RAM64M_HD2111
INFO: [VRFC 10-311] analyzing module RAM64M_HD2112
INFO: [VRFC 10-311] analyzing module RAM64M_HD2113
INFO: [VRFC 10-311] analyzing module RAM64M_HD2114
INFO: [VRFC 10-311] analyzing module RAM64M_HD2115
INFO: [VRFC 10-311] analyzing module RAM64M_HD2116
INFO: [VRFC 10-311] analyzing module RAM64M_HD2117
INFO: [VRFC 10-311] analyzing module RAM64M_HD2118
INFO: [VRFC 10-311] analyzing module RAM64M_HD2119
INFO: [VRFC 10-311] analyzing module RAM64M_HD2122
INFO: [VRFC 10-311] analyzing module RAM64M_HD2123
INFO: [VRFC 10-311] analyzing module RAM64M_HD2124
INFO: [VRFC 10-311] analyzing module RAM64M_HD2125
INFO: [VRFC 10-311] analyzing module RAM64M_HD2126
INFO: [VRFC 10-311] analyzing module RAM64M_HD2127
INFO: [VRFC 10-311] analyzing module RAM64M_HD2128
INFO: [VRFC 10-311] analyzing module RAM64M_HD2129
INFO: [VRFC 10-311] analyzing module RAM64M_HD2130
INFO: [VRFC 10-311] analyzing module RAM64M_HD2131
INFO: [VRFC 10-311] analyzing module RAM64M_HD2134
INFO: [VRFC 10-311] analyzing module RAM64M_HD2135
INFO: [VRFC 10-311] analyzing module RAM64M_HD2136
INFO: [VRFC 10-311] analyzing module RAM64M_HD2137
INFO: [VRFC 10-311] analyzing module RAM64M_HD2138
INFO: [VRFC 10-311] analyzing module RAM64M_HD2139
INFO: [VRFC 10-311] analyzing module RAM64M_HD2140
INFO: [VRFC 10-311] analyzing module RAM64M_HD2141
INFO: [VRFC 10-311] analyzing module RAM64M_HD2142
INFO: [VRFC 10-311] analyzing module RAM64M_HD2143
INFO: [VRFC 10-311] analyzing module RAM64M_HD2146
INFO: [VRFC 10-311] analyzing module RAM64M_HD2147
INFO: [VRFC 10-311] analyzing module RAM64M_HD2148
INFO: [VRFC 10-311] analyzing module RAM64M_HD2149
INFO: [VRFC 10-311] analyzing module RAM64M_HD2150
INFO: [VRFC 10-311] analyzing module RAM64M_HD2151
INFO: [VRFC 10-311] analyzing module RAM64M_HD2152
INFO: [VRFC 10-311] analyzing module RAM64M_HD2153
INFO: [VRFC 10-311] analyzing module RAM64M_HD2154
INFO: [VRFC 10-311] analyzing module RAM64M_HD2155
INFO: [VRFC 10-311] analyzing module RAM64M_HD2158
INFO: [VRFC 10-311] analyzing module RAM64M_HD2159
INFO: [VRFC 10-311] analyzing module RAM64M_HD2160
INFO: [VRFC 10-311] analyzing module RAM64M_HD2161
INFO: [VRFC 10-311] analyzing module RAM64M_HD2162
INFO: [VRFC 10-311] analyzing module RAM64M_HD2163
INFO: [VRFC 10-311] analyzing module RAM64M_HD2164
INFO: [VRFC 10-311] analyzing module RAM64M_HD2165
INFO: [VRFC 10-311] analyzing module RAM64M_HD2166
INFO: [VRFC 10-311] analyzing module RAM64M_HD2167
INFO: [VRFC 10-311] analyzing module RAM64M_HD2170
INFO: [VRFC 10-311] analyzing module RAM64M_HD2171
INFO: [VRFC 10-311] analyzing module RAM64M_HD2172
INFO: [VRFC 10-311] analyzing module RAM64M_HD2173
INFO: [VRFC 10-311] analyzing module RAM64M_HD2174
INFO: [VRFC 10-311] analyzing module RAM64M_HD2175
INFO: [VRFC 10-311] analyzing module RAM64M_HD2176
INFO: [VRFC 10-311] analyzing module RAM64M_HD2177
INFO: [VRFC 10-311] analyzing module RAM64M_HD2178
INFO: [VRFC 10-311] analyzing module RAM64M_HD2179
INFO: [VRFC 10-311] analyzing module RAM64M_HD2182
INFO: [VRFC 10-311] analyzing module RAM64M_HD2183
INFO: [VRFC 10-311] analyzing module RAM64M_HD2184
INFO: [VRFC 10-311] analyzing module RAM64M_HD2185
INFO: [VRFC 10-311] analyzing module RAM64M_HD2186
INFO: [VRFC 10-311] analyzing module RAM64M_HD2187
INFO: [VRFC 10-311] analyzing module RAM64M_HD2188
INFO: [VRFC 10-311] analyzing module RAM64M_HD2189
INFO: [VRFC 10-311] analyzing module RAM64M_HD2190
INFO: [VRFC 10-311] analyzing module RAM64M_HD2191
INFO: [VRFC 10-311] analyzing module RAM64M_HD2194
INFO: [VRFC 10-311] analyzing module RAM64M_HD2195
INFO: [VRFC 10-311] analyzing module RAM64M_HD2196
INFO: [VRFC 10-311] analyzing module RAM64M_HD2197
INFO: [VRFC 10-311] analyzing module RAM64M_HD2198
INFO: [VRFC 10-311] analyzing module RAM64M_HD2199
INFO: [VRFC 10-311] analyzing module RAM64M_HD2200
INFO: [VRFC 10-311] analyzing module RAM64M_HD2201
INFO: [VRFC 10-311] analyzing module RAM64M_HD2202
INFO: [VRFC 10-311] analyzing module RAM64M_HD2203
INFO: [VRFC 10-311] analyzing module RAM64M_HD2206
INFO: [VRFC 10-311] analyzing module RAM64M_HD2207
INFO: [VRFC 10-311] analyzing module RAM64M_HD2208
INFO: [VRFC 10-311] analyzing module RAM64M_HD2209
INFO: [VRFC 10-311] analyzing module RAM64M_HD2210
INFO: [VRFC 10-311] analyzing module RAM64M_HD2211
INFO: [VRFC 10-311] analyzing module RAM64M_HD2212
INFO: [VRFC 10-311] analyzing module RAM64M_HD2213
INFO: [VRFC 10-311] analyzing module RAM64M_HD2214
INFO: [VRFC 10-311] analyzing module RAM64M_HD2215
INFO: [VRFC 10-311] analyzing module RAM64M_HD2218
INFO: [VRFC 10-311] analyzing module RAM64M_HD2219
INFO: [VRFC 10-311] analyzing module RAM64M_HD2220
INFO: [VRFC 10-311] analyzing module RAM64M_HD2221
INFO: [VRFC 10-311] analyzing module RAM64M_HD2222
INFO: [VRFC 10-311] analyzing module RAM64M_HD2223
INFO: [VRFC 10-311] analyzing module RAM64M_HD2224
INFO: [VRFC 10-311] analyzing module RAM64M_HD2225
INFO: [VRFC 10-311] analyzing module RAM64M_HD2226
INFO: [VRFC 10-311] analyzing module RAM64M_HD2227
INFO: [VRFC 10-311] analyzing module RAM64M_HD2230
INFO: [VRFC 10-311] analyzing module RAM64M_HD2231
INFO: [VRFC 10-311] analyzing module RAM64M_HD2232
INFO: [VRFC 10-311] analyzing module RAM64M_HD2233
INFO: [VRFC 10-311] analyzing module RAM64M_HD2234
INFO: [VRFC 10-311] analyzing module RAM64M_HD2235
INFO: [VRFC 10-311] analyzing module RAM64M_HD2236
INFO: [VRFC 10-311] analyzing module RAM64M_HD2237
INFO: [VRFC 10-311] analyzing module RAM64M_HD2238
INFO: [VRFC 10-311] analyzing module RAM64M_HD2239
INFO: [VRFC 10-311] analyzing module RAM64M_HD2242
INFO: [VRFC 10-311] analyzing module RAM64M_HD2243
INFO: [VRFC 10-311] analyzing module RAM64M_HD2244
INFO: [VRFC 10-311] analyzing module RAM64M_HD2245
INFO: [VRFC 10-311] analyzing module RAM64M_HD2246
INFO: [VRFC 10-311] analyzing module RAM64M_HD2247
INFO: [VRFC 10-311] analyzing module RAM64M_HD2248
INFO: [VRFC 10-311] analyzing module RAM64M_HD2249
INFO: [VRFC 10-311] analyzing module RAM64M_HD2250
INFO: [VRFC 10-311] analyzing module RAM64M_HD2251
INFO: [VRFC 10-311] analyzing module RAM64M_HD2254
INFO: [VRFC 10-311] analyzing module RAM64M_HD2255
INFO: [VRFC 10-311] analyzing module RAM64M_HD2256
INFO: [VRFC 10-311] analyzing module RAM64M_HD2257
INFO: [VRFC 10-311] analyzing module RAM64M_HD2258
INFO: [VRFC 10-311] analyzing module RAM64M_HD2259
INFO: [VRFC 10-311] analyzing module RAM64M_HD2260
INFO: [VRFC 10-311] analyzing module RAM64M_HD2261
INFO: [VRFC 10-311] analyzing module RAM64M_HD2262
INFO: [VRFC 10-311] analyzing module RAM64M_HD2263
INFO: [VRFC 10-311] analyzing module RAM64M_HD2266
INFO: [VRFC 10-311] analyzing module RAM64M_HD2267
INFO: [VRFC 10-311] analyzing module RAM64M_HD2268
INFO: [VRFC 10-311] analyzing module RAM64M_HD2269
INFO: [VRFC 10-311] analyzing module RAM64M_HD2270
INFO: [VRFC 10-311] analyzing module RAM64M_HD2271
INFO: [VRFC 10-311] analyzing module RAM64M_HD2272
INFO: [VRFC 10-311] analyzing module RAM64M_HD2273
INFO: [VRFC 10-311] analyzing module RAM64M_HD2274
INFO: [VRFC 10-311] analyzing module RAM64M_HD2275
INFO: [VRFC 10-311] analyzing module RAM64M_HD2278
INFO: [VRFC 10-311] analyzing module RAM64M_HD2279
INFO: [VRFC 10-311] analyzing module RAM64M_HD2280
INFO: [VRFC 10-311] analyzing module RAM64M_HD2281
INFO: [VRFC 10-311] analyzing module RAM64M_HD2282
INFO: [VRFC 10-311] analyzing module RAM64M_HD2283
INFO: [VRFC 10-311] analyzing module RAM64M_HD2284
INFO: [VRFC 10-311] analyzing module RAM64M_HD2285
INFO: [VRFC 10-311] analyzing module RAM64M_HD2286
INFO: [VRFC 10-311] analyzing module RAM64M_HD2310
INFO: [VRFC 10-311] analyzing module RAM64M_HD2311
INFO: [VRFC 10-311] analyzing module RAM64M_HD2312
INFO: [VRFC 10-311] analyzing module RAM64M_HD2313
INFO: [VRFC 10-311] analyzing module RAM64X1D_UNIQ_BASE_
INFO: [VRFC 10-311] analyzing module RAM64X1D_HD1712
INFO: [VRFC 10-311] analyzing module RAM64X1D_HD1717
INFO: [VRFC 10-311] analyzing module RAM64X1D_HD1722
INFO: [VRFC 10-311] analyzing module RAM64X1D_HD1739
INFO: [VRFC 10-311] analyzing module RAM64X1D_HD1744
INFO: [VRFC 10-311] analyzing module RAM64X1D_HD1749
INFO: [VRFC 10-311] analyzing module RAM64X1D_HD1754
INFO: [VRFC 10-311] analyzing module RAM64X1D_HD1759
INFO: [VRFC 10-311] analyzing module RAM64X1D_HD1764
INFO: [VRFC 10-311] analyzing module RAM64X1D_HD1769
INFO: [VRFC 10-311] analyzing module RAM64X1D_HD1774
INFO: [VRFC 10-311] analyzing module RAM64X1D_HD1808
INFO: [VRFC 10-311] analyzing module RAM64X1D_HD1809
INFO: [VRFC 10-311] analyzing module RAM64X1D_HD1820
INFO: [VRFC 10-311] analyzing module RAM64X1D_HD1821
INFO: [VRFC 10-311] analyzing module RAM64X1D_HD1832
INFO: [VRFC 10-311] analyzing module RAM64X1D_HD1833
INFO: [VRFC 10-311] analyzing module RAM64X1D_HD1844
INFO: [VRFC 10-311] analyzing module RAM64X1D_HD1845
INFO: [VRFC 10-311] analyzing module RAM64X1D_HD1856
INFO: [VRFC 10-311] analyzing module RAM64X1D_HD1857
INFO: [VRFC 10-311] analyzing module RAM64X1D_HD1868
INFO: [VRFC 10-311] analyzing module RAM64X1D_HD1869
INFO: [VRFC 10-311] analyzing module RAM64X1D_HD1880
INFO: [VRFC 10-311] analyzing module RAM64X1D_HD1881
INFO: [VRFC 10-311] analyzing module RAM64X1D_HD1892
INFO: [VRFC 10-311] analyzing module RAM64X1D_HD1893
INFO: [VRFC 10-311] analyzing module RAM64X1D_HD1904
INFO: [VRFC 10-311] analyzing module RAM64X1D_HD1905
INFO: [VRFC 10-311] analyzing module RAM64X1D_HD1916
INFO: [VRFC 10-311] analyzing module RAM64X1D_HD1917
INFO: [VRFC 10-311] analyzing module RAM64X1D_HD1928
INFO: [VRFC 10-311] analyzing module RAM64X1D_HD1929
INFO: [VRFC 10-311] analyzing module RAM64X1D_HD1940
INFO: [VRFC 10-311] analyzing module RAM64X1D_HD1941
INFO: [VRFC 10-311] analyzing module RAM64X1D_HD1952
INFO: [VRFC 10-311] analyzing module RAM64X1D_HD1953
INFO: [VRFC 10-311] analyzing module RAM64X1D_HD1964
INFO: [VRFC 10-311] analyzing module RAM64X1D_HD1965
INFO: [VRFC 10-311] analyzing module RAM64X1D_HD1976
INFO: [VRFC 10-311] analyzing module RAM64X1D_HD1977
INFO: [VRFC 10-311] analyzing module RAM64X1D_HD1988
INFO: [VRFC 10-311] analyzing module RAM64X1D_HD1989
INFO: [VRFC 10-311] analyzing module RAM64X1D_HD2000
INFO: [VRFC 10-311] analyzing module RAM64X1D_HD2001
INFO: [VRFC 10-311] analyzing module RAM64X1D_HD2012
INFO: [VRFC 10-311] analyzing module RAM64X1D_HD2013
INFO: [VRFC 10-311] analyzing module RAM64X1D_HD2024
INFO: [VRFC 10-311] analyzing module RAM64X1D_HD2025
INFO: [VRFC 10-311] analyzing module RAM64X1D_HD2036
INFO: [VRFC 10-311] analyzing module RAM64X1D_HD2037
INFO: [VRFC 10-311] analyzing module RAM64X1D_HD2048
INFO: [VRFC 10-311] analyzing module RAM64X1D_HD2049
INFO: [VRFC 10-311] analyzing module RAM64X1D_HD2060
INFO: [VRFC 10-311] analyzing module RAM64X1D_HD2061
INFO: [VRFC 10-311] analyzing module RAM64X1D_HD2072
INFO: [VRFC 10-311] analyzing module RAM64X1D_HD2073
INFO: [VRFC 10-311] analyzing module RAM64X1D_HD2084
INFO: [VRFC 10-311] analyzing module RAM64X1D_HD2085
INFO: [VRFC 10-311] analyzing module RAM64X1D_HD2096
INFO: [VRFC 10-311] analyzing module RAM64X1D_HD2097
INFO: [VRFC 10-311] analyzing module RAM64X1D_HD2108
INFO: [VRFC 10-311] analyzing module RAM64X1D_HD2109
INFO: [VRFC 10-311] analyzing module RAM64X1D_HD2120
INFO: [VRFC 10-311] analyzing module RAM64X1D_HD2121
INFO: [VRFC 10-311] analyzing module RAM64X1D_HD2132
INFO: [VRFC 10-311] analyzing module RAM64X1D_HD2133
INFO: [VRFC 10-311] analyzing module RAM64X1D_HD2144
INFO: [VRFC 10-311] analyzing module RAM64X1D_HD2145
INFO: [VRFC 10-311] analyzing module RAM64X1D_HD2156
INFO: [VRFC 10-311] analyzing module RAM64X1D_HD2157
INFO: [VRFC 10-311] analyzing module RAM64X1D_HD2168
INFO: [VRFC 10-311] analyzing module RAM64X1D_HD2169
INFO: [VRFC 10-311] analyzing module RAM64X1D_HD2180
INFO: [VRFC 10-311] analyzing module RAM64X1D_HD2181
INFO: [VRFC 10-311] analyzing module RAM64X1D_HD2192
INFO: [VRFC 10-311] analyzing module RAM64X1D_HD2193
INFO: [VRFC 10-311] analyzing module RAM64X1D_HD2204
INFO: [VRFC 10-311] analyzing module RAM64X1D_HD2205
INFO: [VRFC 10-311] analyzing module RAM64X1D_HD2216
INFO: [VRFC 10-311] analyzing module RAM64X1D_HD2217
INFO: [VRFC 10-311] analyzing module RAM64X1D_HD2228
INFO: [VRFC 10-311] analyzing module RAM64X1D_HD2229
INFO: [VRFC 10-311] analyzing module RAM64X1D_HD2240
INFO: [VRFC 10-311] analyzing module RAM64X1D_HD2241
INFO: [VRFC 10-311] analyzing module RAM64X1D_HD2252
INFO: [VRFC 10-311] analyzing module RAM64X1D_HD2253
INFO: [VRFC 10-311] analyzing module RAM64X1D_HD2264
INFO: [VRFC 10-311] analyzing module RAM64X1D_HD2265
INFO: [VRFC 10-311] analyzing module RAM64X1D_HD2276
INFO: [VRFC 10-311] analyzing module RAM64X1D_HD2277
INFO: [VRFC 10-311] analyzing module create_tree
INFO: [VRFC 10-311] analyzing module huffman_decoder
INFO: [VRFC 10-311] analyzing module raw_decoder
INFO: [VRFC 10-311] analyzing module glbl
INFO: [VRFC 10-2263] Analyzing Verilog file "D:/SDUP_2020_projekt_H/Huffman/Huffman.srcs/sim_1/new/huffman_decoder_tb.v" into library xil_defaultlib
INFO: [VRFC 10-311] analyzing module huffman_decoder_tb
WARNING: [VRFC 10-2495] decimal constant 100000000000 is too large, using 1215752192 (i.e limiting to 32 bits) instead [D:/SDUP_2020_projekt_H/Huffman/Huffman.srcs/sim_1/new/huffman_decoder_tb.v:62]
