INFO: [VRFC 10-2263] Analyzing SystemVerilog file "D:/SDUP_2020_projekt_H/Huffman/Huffman.srcs/sources_1/new/raw_decoder.v" into library xil_defaultlib
INFO: [VRFC 10-311] analyzing module raw_decoder
INFO: [VRFC 10-2263] Analyzing SystemVerilog file "D:/SDUP_2020_projekt_H/Huffman/Huffman.srcs/sources_1/new/create_tree.v" into library xil_defaultlib
INFO: [VRFC 10-311] analyzing module create_tree
INFO: [VRFC 10-2263] Analyzing SystemVerilog file "D:/SDUP_2020_projekt_H/Huffman/Huffman.srcs/sources_1/new/huffman_decoder.v" into library xil_defaultlib
INFO: [VRFC 10-311] analyzing module huffman_decoder
WARNING: [VRFC 10-526] concatenation with unsized literal; will interpret as 32 bits [D:/SDUP_2020_projekt_H/Huffman/Huffman.srcs/sources_1/new/huffman_decoder.v:62]
WARNING: [VRFC 10-526] concatenation with unsized literal; will interpret as 32 bits [D:/SDUP_2020_projekt_H/Huffman/Huffman.srcs/sources_1/new/huffman_decoder.v:63]
WARNING: [VRFC 10-526] concatenation with unsized literal; will interpret as 32 bits [D:/SDUP_2020_projekt_H/Huffman/Huffman.srcs/sources_1/new/huffman_decoder.v:64]
WARNING: [VRFC 10-526] concatenation with unsized literal; will interpret as 32 bits [D:/SDUP_2020_projekt_H/Huffman/Huffman.srcs/sources_1/new/huffman_decoder.v:65]
WARNING: [VRFC 10-526] concatenation with unsized literal; will interpret as 32 bits [D:/SDUP_2020_projekt_H/Huffman/Huffman.srcs/sources_1/new/huffman_decoder.v:66]
WARNING: [VRFC 10-526] concatenation with unsized literal; will interpret as 32 bits [D:/SDUP_2020_projekt_H/Huffman/Huffman.srcs/sources_1/new/huffman_decoder.v:67]
WARNING: [VRFC 10-526] concatenation with unsized literal; will interpret as 32 bits [D:/SDUP_2020_projekt_H/Huffman/Huffman.srcs/sources_1/new/huffman_decoder.v:68]
WARNING: [VRFC 10-526] concatenation with unsized literal; will interpret as 32 bits [D:/SDUP_2020_projekt_H/Huffman/Huffman.srcs/sources_1/new/huffman_decoder.v:69]
WARNING: [VRFC 10-526] concatenation with unsized literal; will interpret as 32 bits [D:/SDUP_2020_projekt_H/Huffman/Huffman.srcs/sources_1/new/huffman_decoder.v:70]
WARNING: [VRFC 10-526] concatenation with unsized literal; will interpret as 32 bits [D:/SDUP_2020_projekt_H/Huffman/Huffman.srcs/sources_1/new/huffman_decoder.v:71]
WARNING: [VRFC 10-526] concatenation with unsized literal; will interpret as 32 bits [D:/SDUP_2020_projekt_H/Huffman/Huffman.srcs/sources_1/new/huffman_decoder.v:72]
WARNING: [VRFC 10-526] concatenation with unsized literal; will interpret as 32 bits [D:/SDUP_2020_projekt_H/Huffman/Huffman.srcs/sources_1/new/huffman_decoder.v:73]
WARNING: [VRFC 10-526] concatenation with unsized literal; will interpret as 32 bits [D:/SDUP_2020_projekt_H/Huffman/Huffman.srcs/sources_1/new/huffman_decoder.v:74]
WARNING: [VRFC 10-526] concatenation with unsized literal; will interpret as 32 bits [D:/SDUP_2020_projekt_H/Huffman/Huffman.srcs/sources_1/new/huffman_decoder.v:75]
WARNING: [VRFC 10-526] concatenation with unsized literal; will interpret as 32 bits [D:/SDUP_2020_projekt_H/Huffman/Huffman.srcs/sources_1/new/huffman_decoder.v:76]
WARNING: [VRFC 10-526] concatenation with unsized literal; will interpret as 32 bits [D:/SDUP_2020_projekt_H/Huffman/Huffman.srcs/sources_1/new/huffman_decoder.v:77]
WARNING: [VRFC 10-526] concatenation with unsized literal; will interpret as 32 bits [D:/SDUP_2020_projekt_H/Huffman/Huffman.srcs/sources_1/new/huffman_decoder.v:78]
WARNING: [VRFC 10-526] concatenation with unsized literal; will interpret as 32 bits [D:/SDUP_2020_projekt_H/Huffman/Huffman.srcs/sources_1/new/huffman_decoder.v:79]
WARNING: [VRFC 10-526] concatenation with unsized literal; will interpret as 32 bits [D:/SDUP_2020_projekt_H/Huffman/Huffman.srcs/sources_1/new/huffman_decoder.v:80]
WARNING: [VRFC 10-526] concatenation with unsized literal; will interpret as 32 bits [D:/SDUP_2020_projekt_H/Huffman/Huffman.srcs/sources_1/new/huffman_decoder.v:81]
WARNING: [VRFC 10-526] concatenation with unsized literal; will interpret as 32 bits [D:/SDUP_2020_projekt_H/Huffman/Huffman.srcs/sources_1/new/huffman_decoder.v:83]
WARNING: [VRFC 10-526] concatenation with unsized literal; will interpret as 32 bits [D:/SDUP_2020_projekt_H/Huffman/Huffman.srcs/sources_1/new/huffman_decoder.v:84]
WARNING: [VRFC 10-526] concatenation with unsized literal; will interpret as 32 bits [D:/SDUP_2020_projekt_H/Huffman/Huffman.srcs/sources_1/new/huffman_decoder.v:85]
WARNING: [VRFC 10-526] concatenation with unsized literal; will interpret as 32 bits [D:/SDUP_2020_projekt_H/Huffman/Huffman.srcs/sources_1/new/huffman_decoder.v:86]
WARNING: [VRFC 10-526] concatenation with unsized literal; will interpret as 32 bits [D:/SDUP_2020_projekt_H/Huffman/Huffman.srcs/sources_1/new/huffman_decoder.v:87]
WARNING: [VRFC 10-526] concatenation with unsized literal; will interpret as 32 bits [D:/SDUP_2020_projekt_H/Huffman/Huffman.srcs/sources_1/new/huffman_decoder.v:88]
WARNING: [VRFC 10-526] concatenation with unsized literal; will interpret as 32 bits [D:/SDUP_2020_projekt_H/Huffman/Huffman.srcs/sources_1/new/huffman_decoder.v:89]
WARNING: [VRFC 10-526] concatenation with unsized literal; will interpret as 32 bits [D:/SDUP_2020_projekt_H/Huffman/Huffman.srcs/sources_1/new/huffman_decoder.v:90]
WARNING: [VRFC 10-526] concatenation with unsized literal; will interpret as 32 bits [D:/SDUP_2020_projekt_H/Huffman/Huffman.srcs/sources_1/new/huffman_decoder.v:91]
WARNING: [VRFC 10-526] concatenation with unsized literal; will interpret as 32 bits [D:/SDUP_2020_projekt_H/Huffman/Huffman.srcs/sources_1/new/huffman_decoder.v:92]
WARNING: [VRFC 10-526] concatenation with unsized literal; will interpret as 32 bits [D:/SDUP_2020_projekt_H/Huffman/Huffman.srcs/sources_1/new/huffman_decoder.v:93]
WARNING: [VRFC 10-526] concatenation with unsized literal; will interpret as 32 bits [D:/SDUP_2020_projekt_H/Huffman/Huffman.srcs/sources_1/new/huffman_decoder.v:94]
WARNING: [VRFC 10-526] concatenation with unsized literal; will interpret as 32 bits [D:/SDUP_2020_projekt_H/Huffman/Huffman.srcs/sources_1/new/huffman_decoder.v:95]
WARNING: [VRFC 10-526] concatenation with unsized literal; will interpret as 32 bits [D:/SDUP_2020_projekt_H/Huffman/Huffman.srcs/sources_1/new/huffman_decoder.v:96]
WARNING: [VRFC 10-526] concatenation with unsized literal; will interpret as 32 bits [D:/SDUP_2020_projekt_H/Huffman/Huffman.srcs/sources_1/new/huffman_decoder.v:97]
WARNING: [VRFC 10-526] concatenation with unsized literal; will interpret as 32 bits [D:/SDUP_2020_projekt_H/Huffman/Huffman.srcs/sources_1/new/huffman_decoder.v:98]
WARNING: [VRFC 10-526] concatenation with unsized literal; will interpret as 32 bits [D:/SDUP_2020_projekt_H/Huffman/Huffman.srcs/sources_1/new/huffman_decoder.v:99]
WARNING: [VRFC 10-526] concatenation with unsized literal; will interpret as 32 bits [D:/SDUP_2020_projekt_H/Huffman/Huffman.srcs/sources_1/new/huffman_decoder.v:100]
WARNING: [VRFC 10-526] concatenation with unsized literal; will interpret as 32 bits [D:/SDUP_2020_projekt_H/Huffman/Huffman.srcs/sources_1/new/huffman_decoder.v:101]
WARNING: [VRFC 10-526] concatenation with unsized literal; will interpret as 32 bits [D:/SDUP_2020_projekt_H/Huffman/Huffman.srcs/sources_1/new/huffman_decoder.v:102]
WARNING: [VRFC 10-526] concatenation with unsized literal; will interpret as 32 bits [D:/SDUP_2020_projekt_H/Huffman/Huffman.srcs/sources_1/new/huffman_decoder.v:104]
WARNING: [VRFC 10-526] concatenation with unsized literal; will interpret as 32 bits [D:/SDUP_2020_projekt_H/Huffman/Huffman.srcs/sources_1/new/huffman_decoder.v:105]
WARNING: [VRFC 10-526] concatenation with unsized literal; will interpret as 32 bits [D:/SDUP_2020_projekt_H/Huffman/Huffman.srcs/sources_1/new/huffman_decoder.v:106]
WARNING: [VRFC 10-526] concatenation with unsized literal; will interpret as 32 bits [D:/SDUP_2020_projekt_H/Huffman/Huffman.srcs/sources_1/new/huffman_decoder.v:107]
WARNING: [VRFC 10-526] concatenation with unsized literal; will interpret as 32 bits [D:/SDUP_2020_projekt_H/Huffman/Huffman.srcs/sources_1/new/huffman_decoder.v:108]
WARNING: [VRFC 10-526] concatenation with unsized literal; will interpret as 32 bits [D:/SDUP_2020_projekt_H/Huffman/Huffman.srcs/sources_1/new/huffman_decoder.v:109]
WARNING: [VRFC 10-526] concatenation with unsized literal; will interpret as 32 bits [D:/SDUP_2020_projekt_H/Huffman/Huffman.srcs/sources_1/new/huffman_decoder.v:110]
WARNING: [VRFC 10-526] concatenation with unsized literal; will interpret as 32 bits [D:/SDUP_2020_projekt_H/Huffman/Huffman.srcs/sources_1/new/huffman_decoder.v:111]
WARNING: [VRFC 10-526] concatenation with unsized literal; will interpret as 32 bits [D:/SDUP_2020_projekt_H/Huffman/Huffman.srcs/sources_1/new/huffman_decoder.v:112]
WARNING: [VRFC 10-526] concatenation with unsized literal; will interpret as 32 bits [D:/SDUP_2020_projekt_H/Huffman/Huffman.srcs/sources_1/new/huffman_decoder.v:113]
INFO: [VRFC 10-2263] Analyzing SystemVerilog file "D:/SDUP_2020_projekt_H/Huffman/Huffman.srcs/sim_1/new/huffman_decoder_tb.v" into library xil_defaultlib
INFO: [VRFC 10-311] analyzing module huffman_decoder_tb
WARNING: [VRFC 10-2495] decimal constant 100000000000 is too large, using 1215752192 (i.e limiting to 32 bits) instead [D:/SDUP_2020_projekt_H/Huffman/Huffman.srcs/sim_1/new/huffman_decoder_tb.v:72]
INFO: [VRFC 10-2263] Analyzing Verilog file "D:/SDUP_2020_projekt_H/Huffman/Huffman.sim/sim_1/behav/glbl.v" into library xil_defaultlib
INFO: [VRFC 10-311] analyzing module glbl
