Vivado Simulator 2016.4
Copyright 1986-1999, 2001-2016 Xilinx, Inc. All Rights Reserved.
Running: D:/Xilinx/Vivado/2016.4/bin/unwrapped/win64.o/xelab.exe -wto d831e647d19641b88a844baf4047d310 --debug typical --relax --mt 2 -L xil_defaultlib -L unisims_ver -L unimacro_ver -L secureip --snapshot huffman_decoder_tb_behav xil_defaultlib.huffman_decoder_tb xil_defaultlib.glbl -log elaborate.log 
Using 2 slave threads.
Starting static elaboration
WARNING: [VRFC 10-278] actual bit length 32 differs from formal bit length 16 for port data_in_length [D:/SDUP_2020_projekt_H/Huffman/Huffman.srcs/sim_1/new/huffman_decoder_tb.v:48]
WARNING: [VRFC 10-526] concatenation with unsized literal; will interpret as 32 bits [D:/SDUP_2020_projekt_H/Huffman/Huffman.srcs/sources_1/new/huffman_decoder.v:62]
WARNING: [VRFC 10-526] concatenation with unsized literal; will interpret as 32 bits [D:/SDUP_2020_projekt_H/Huffman/Huffman.srcs/sources_1/new/huffman_decoder.v:63]
WARNING: [VRFC 10-526] concatenation with unsized literal; will interpret as 32 bits [D:/SDUP_2020_projekt_H/Huffman/Huffman.srcs/sources_1/new/huffman_decoder.v:64]
WARNING: [VRFC 10-526] concatenation with unsized literal; will interpret as 32 bits [D:/SDUP_2020_projekt_H/Huffman/Huffman.srcs/sources_1/new/huffman_decoder.v:65]
WARNING: [VRFC 10-526] concatenation with unsized literal; will interpret as 32 bits [D:/SDUP_2020_projekt_H/Huffman/Huffman.srcs/sources_1/new/huffman_decoder.v:66]
WARNING: [VRFC 10-526] concatenation with unsized literal; will interpret as 32 bits [D:/SDUP_2020_projekt_H/Huffman/Huffman.srcs/sources_1/new/huffman_decoder.v:67]
WARNING: [VRFC 10-526] concatenation with unsized literal; will interpret as 32 bits [D:/SDUP_2020_projekt_H/Huffman/Huffman.srcs/sources_1/new/huffman_decoder.v:68]
WARNING: [VRFC 10-526] concatenation with unsized literal; will interpret as 32 bits [D:/SDUP_2020_projekt_H/Huffman/Huffman.srcs/sources_1/new/huffman_decoder.v:69]
WARNING: [VRFC 10-526] concatenation with unsized literal; will interpret as 32 bits [D:/SDUP_2020_projekt_H/Huffman/Huffman.srcs/sources_1/new/huffman_decoder.v:70]
WARNING: [VRFC 10-526] concatenation with unsized literal; will interpret as 32 bits [D:/SDUP_2020_projekt_H/Huffman/Huffman.srcs/sources_1/new/huffman_decoder.v:71]
WARNING: [VRFC 10-526] concatenation with unsized literal; will interpret as 32 bits [D:/SDUP_2020_projekt_H/Huffman/Huffman.srcs/sources_1/new/huffman_decoder.v:72]
WARNING: [VRFC 10-526] concatenation with unsized literal; will interpret as 32 bits [D:/SDUP_2020_projekt_H/Huffman/Huffman.srcs/sources_1/new/huffman_decoder.v:73]
WARNING: [VRFC 10-526] concatenation with unsized literal; will interpret as 32 bits [D:/SDUP_2020_projekt_H/Huffman/Huffman.srcs/sources_1/new/huffman_decoder.v:74]
WARNING: [VRFC 10-526] concatenation with unsized literal; will interpret as 32 bits [D:/SDUP_2020_projekt_H/Huffman/Huffman.srcs/sources_1/new/huffman_decoder.v:75]
WARNING: [VRFC 10-526] concatenation with unsized literal; will interpret as 32 bits [D:/SDUP_2020_projekt_H/Huffman/Huffman.srcs/sources_1/new/huffman_decoder.v:76]
WARNING: [VRFC 10-526] concatenation with unsized literal; will interpret as 32 bits [D:/SDUP_2020_projekt_H/Huffman/Huffman.srcs/sources_1/new/huffman_decoder.v:77]
WARNING: [VRFC 10-526] concatenation with unsized literal; will interpret as 32 bits [D:/SDUP_2020_projekt_H/Huffman/Huffman.srcs/sources_1/new/huffman_decoder.v:78]
WARNING: [VRFC 10-526] concatenation with unsized literal; will interpret as 32 bits [D:/SDUP_2020_projekt_H/Huffman/Huffman.srcs/sources_1/new/huffman_decoder.v:79]
WARNING: [VRFC 10-526] concatenation with unsized literal; will interpret as 32 bits [D:/SDUP_2020_projekt_H/Huffman/Huffman.srcs/sources_1/new/huffman_decoder.v:80]
WARNING: [VRFC 10-526] concatenation with unsized literal; will interpret as 32 bits [D:/SDUP_2020_projekt_H/Huffman/Huffman.srcs/sources_1/new/huffman_decoder.v:81]
WARNING: [VRFC 10-526] concatenation with unsized literal; will interpret as 32 bits [D:/SDUP_2020_projekt_H/Huffman/Huffman.srcs/sources_1/new/huffman_decoder.v:83]
WARNING: [VRFC 10-526] concatenation with unsized literal; will interpret as 32 bits [D:/SDUP_2020_projekt_H/Huffman/Huffman.srcs/sources_1/new/huffman_decoder.v:84]
WARNING: [VRFC 10-526] concatenation with unsized literal; will interpret as 32 bits [D:/SDUP_2020_projekt_H/Huffman/Huffman.srcs/sources_1/new/huffman_decoder.v:85]
WARNING: [VRFC 10-526] concatenation with unsized literal; will interpret as 32 bits [D:/SDUP_2020_projekt_H/Huffman/Huffman.srcs/sources_1/new/huffman_decoder.v:86]
WARNING: [VRFC 10-526] concatenation with unsized literal; will interpret as 32 bits [D:/SDUP_2020_projekt_H/Huffman/Huffman.srcs/sources_1/new/huffman_decoder.v:87]
WARNING: [VRFC 10-526] concatenation with unsized literal; will interpret as 32 bits [D:/SDUP_2020_projekt_H/Huffman/Huffman.srcs/sources_1/new/huffman_decoder.v:88]
WARNING: [VRFC 10-526] concatenation with unsized literal; will interpret as 32 bits [D:/SDUP_2020_projekt_H/Huffman/Huffman.srcs/sources_1/new/huffman_decoder.v:89]
WARNING: [VRFC 10-526] concatenation with unsized literal; will interpret as 32 bits [D:/SDUP_2020_projekt_H/Huffman/Huffman.srcs/sources_1/new/huffman_decoder.v:90]
WARNING: [VRFC 10-526] concatenation with unsized literal; will interpret as 32 bits [D:/SDUP_2020_projekt_H/Huffman/Huffman.srcs/sources_1/new/huffman_decoder.v:91]
WARNING: [VRFC 10-526] concatenation with unsized literal; will interpret as 32 bits [D:/SDUP_2020_projekt_H/Huffman/Huffman.srcs/sources_1/new/huffman_decoder.v:92]
WARNING: [VRFC 10-526] concatenation with unsized literal; will interpret as 32 bits [D:/SDUP_2020_projekt_H/Huffman/Huffman.srcs/sources_1/new/huffman_decoder.v:93]
WARNING: [VRFC 10-526] concatenation with unsized literal; will interpret as 32 bits [D:/SDUP_2020_projekt_H/Huffman/Huffman.srcs/sources_1/new/huffman_decoder.v:94]
WARNING: [VRFC 10-526] concatenation with unsized literal; will interpret as 32 bits [D:/SDUP_2020_projekt_H/Huffman/Huffman.srcs/sources_1/new/huffman_decoder.v:95]
WARNING: [VRFC 10-526] concatenation with unsized literal; will interpret as 32 bits [D:/SDUP_2020_projekt_H/Huffman/Huffman.srcs/sources_1/new/huffman_decoder.v:96]
WARNING: [VRFC 10-526] concatenation with unsized literal; will interpret as 32 bits [D:/SDUP_2020_projekt_H/Huffman/Huffman.srcs/sources_1/new/huffman_decoder.v:97]
WARNING: [VRFC 10-526] concatenation with unsized literal; will interpret as 32 bits [D:/SDUP_2020_projekt_H/Huffman/Huffman.srcs/sources_1/new/huffman_decoder.v:98]
WARNING: [VRFC 10-526] concatenation with unsized literal; will interpret as 32 bits [D:/SDUP_2020_projekt_H/Huffman/Huffman.srcs/sources_1/new/huffman_decoder.v:99]
WARNING: [VRFC 10-526] concatenation with unsized literal; will interpret as 32 bits [D:/SDUP_2020_projekt_H/Huffman/Huffman.srcs/sources_1/new/huffman_decoder.v:100]
WARNING: [VRFC 10-526] concatenation with unsized literal; will interpret as 32 bits [D:/SDUP_2020_projekt_H/Huffman/Huffman.srcs/sources_1/new/huffman_decoder.v:101]
WARNING: [VRFC 10-526] concatenation with unsized literal; will interpret as 32 bits [D:/SDUP_2020_projekt_H/Huffman/Huffman.srcs/sources_1/new/huffman_decoder.v:102]
WARNING: [VRFC 10-526] concatenation with unsized literal; will interpret as 32 bits [D:/SDUP_2020_projekt_H/Huffman/Huffman.srcs/sources_1/new/huffman_decoder.v:104]
WARNING: [VRFC 10-526] concatenation with unsized literal; will interpret as 32 bits [D:/SDUP_2020_projekt_H/Huffman/Huffman.srcs/sources_1/new/huffman_decoder.v:105]
WARNING: [VRFC 10-526] concatenation with unsized literal; will interpret as 32 bits [D:/SDUP_2020_projekt_H/Huffman/Huffman.srcs/sources_1/new/huffman_decoder.v:106]
WARNING: [VRFC 10-526] concatenation with unsized literal; will interpret as 32 bits [D:/SDUP_2020_projekt_H/Huffman/Huffman.srcs/sources_1/new/huffman_decoder.v:107]
WARNING: [VRFC 10-526] concatenation with unsized literal; will interpret as 32 bits [D:/SDUP_2020_projekt_H/Huffman/Huffman.srcs/sources_1/new/huffman_decoder.v:108]
WARNING: [VRFC 10-526] concatenation with unsized literal; will interpret as 32 bits [D:/SDUP_2020_projekt_H/Huffman/Huffman.srcs/sources_1/new/huffman_decoder.v:109]
WARNING: [VRFC 10-526] concatenation with unsized literal; will interpret as 32 bits [D:/SDUP_2020_projekt_H/Huffman/Huffman.srcs/sources_1/new/huffman_decoder.v:110]
WARNING: [VRFC 10-526] concatenation with unsized literal; will interpret as 32 bits [D:/SDUP_2020_projekt_H/Huffman/Huffman.srcs/sources_1/new/huffman_decoder.v:111]
WARNING: [VRFC 10-526] concatenation with unsized literal; will interpret as 32 bits [D:/SDUP_2020_projekt_H/Huffman/Huffman.srcs/sources_1/new/huffman_decoder.v:112]
WARNING: [VRFC 10-526] concatenation with unsized literal; will interpret as 32 bits [D:/SDUP_2020_projekt_H/Huffman/Huffman.srcs/sources_1/new/huffman_decoder.v:113]
Completed static elaboration
Starting simulation data flow analysis
Completed simulation data flow analysis
Time Resolution for simulation is 1ps
Compiling module xil_defaultlib.create_tree_default
Compiling module xil_defaultlib.raw_decoder
Compiling module xil_defaultlib.huffman_decoder
Compiling module xil_defaultlib.huffman_decoder_tb
Compiling module xil_defaultlib.glbl
Built simulation snapshot huffman_decoder_tb_behav
