Exception at PC 0x00007FFFBF133E49
Unable to capture context for thread 5112 in process 12620, can not generate back trace
Unable to capture context for thread 9428 in process 12620, can not generate back trace
Unable to capture context for thread 7484 in process 12620, can not generate back trace
Exception at PC 0x00007FFFBF133E49
Unable to capture context for thread 7484 in process 12620, can not generate back trace
Exception at PC 0x00007FFF2DCDBB93
Printing stacktrace...

Exception at PC 0x00007FFFBF133E49
Exception at PC 0x00007FFFBF133E49
Exception at PC 0x00007FFFBF133E49
Exception at PC 0x00007FFFBF133E49
Exception at PC 0x00007FFFBF133E49
Exception at PC 0x00007FFFBF133E49
Exception at PC 0x00007FFFBF133E49
Exception at PC 0x00007FFFBF133E49
Exception at PC 0x00007FFFBF133E49
Exception at PC 0x00007FFFBF133E49
Exception at PC 0x00007FFFBF133E49
Exception at PC 0x00007FFFBF133E49
[0]  [0x00007FFF2DCDBB93]
[1]  [0x00007FFF2DCDBB93]
[2]  [0x00007FFF2DCDB4A1]
[3]  [0x00007FFF2DCDB3EF]
[4]  [0x00007FFF2DCC19FE]
[5]  [0x00007FFF2DCC0ED1]
[6]  [0x00007FFF2DCC0D76]
[7]  [0x00007FFF2DC679F6]
[8]  [0x00007FFF2DC57AFB]
[9]  [0x00007FFF2DD7E90A]
[10]  [0x00007FFF2DD99F87]
[11]  [0x00007FFF2DD9A05F]
[12] (BaseThreadInitThunk+0x14) [0x00007FFFC0406FD4]
[13] (RtlUserThreadStart+0x21) [0x00007FFFC14DCEC1]
Done
Exception at PC 0x00007FFFBF133E49
Exception at PC 0x00007FFFBF133E49
Exception at PC 0x00007FFFBF133E49
Exception at PC 0x00007FFFBF133E49
