
*** Running vivado
    with args -log huffman_decoder.vds -m64 -product Vivado -mode batch -messageDb vivado.pb -notrace -source huffman_decoder.tcl


****** Vivado v2016.4 (64-bit)
  **** SW Build 1756540 on Mon Jan 23 19:11:23 MST 2017
  **** IP Build 1755317 on Mon Jan 23 20:30:07 MST 2017
    ** Copyright 1986-2016 Xilinx, Inc. All Rights Reserved.

source huffman_decoder.tcl -notrace
Command: synth_design -top huffman_decoder -part xc7z020clg484-1 -flatten_hierarchy none -directive RuntimeOptimized -fsm_extraction off -resource_sharing off
Starting synth_design
Attempting to get a license for feature 'Synthesis' and/or device 'xc7z020'
INFO: [Common 17-349] Got license for feature 'Synthesis' and/or device 'xc7z020'
INFO: Launching helper process for spawning children vivado processes
INFO: Helper process launched with PID 1288 
---------------------------------------------------------------------------------
Starting RTL Elaboration : Time (s): cpu = 00:00:07 ; elapsed = 00:00:08 . Memory (MB): peak = 323.660 ; gain = 113.484
---------------------------------------------------------------------------------
INFO: [Synth 8-638] synthesizing module 'huffman_decoder' [D:/SDUP_2020_projekt_H/Huffman/Huffman.srcs/sources_1/new/huffman_decoder.v:47]
	Parameter symbols_amount bound to: 50 - type: integer 
	Parameter max_data_count bound to: 1024 - type: integer 
	Parameter max_decoder_input_bit_count bound to: 1024 - type: integer 
INFO: [Synth 8-638] synthesizing module 'create_tree' [D:/SDUP_2020_projekt_H/Huffman/Huffman.srcs/sources_1/new/create_tree.v:66]
	Parameter max_symbols_amount bound to: 50 - type: integer 
	Parameter tree_max_length bound to: 199 - type: integer 
INFO: [Synth 8-155] case statement is not full and has no default [D:/SDUP_2020_projekt_H/Huffman/Huffman.srcs/sources_1/new/create_tree.v:196]
INFO: [Synth 8-155] case statement is not full and has no default [D:/SDUP_2020_projekt_H/Huffman/Huffman.srcs/sources_1/new/create_tree.v:193]
INFO: [Synth 8-155] case statement is not full and has no default [D:/SDUP_2020_projekt_H/Huffman/Huffman.srcs/sources_1/new/create_tree.v:116]
INFO: [Synth 8-256] done synthesizing module 'create_tree' (1#1) [D:/SDUP_2020_projekt_H/Huffman/Huffman.srcs/sources_1/new/create_tree.v:66]
INFO: [Synth 8-638] synthesizing module 'raw_decoder' [D:/SDUP_2020_projekt_H/Huffman/Huffman.srcs/sources_1/new/raw_decoder.v:47]
INFO: [Synth 8-155] case statement is not full and has no default [D:/SDUP_2020_projekt_H/Huffman/Huffman.srcs/sources_1/new/raw_decoder.v:162]
INFO: [Synth 8-155] case statement is not full and has no default [D:/SDUP_2020_projekt_H/Huffman/Huffman.srcs/sources_1/new/raw_decoder.v:90]
INFO: [Synth 8-256] done synthesizing module 'raw_decoder' (2#1) [D:/SDUP_2020_projekt_H/Huffman/Huffman.srcs/sources_1/new/raw_decoder.v:47]
INFO: [Synth 8-155] case statement is not full and has no default [D:/SDUP_2020_projekt_H/Huffman/Huffman.srcs/sources_1/new/huffman_decoder.v:137]
INFO: [Synth 8-256] done synthesizing module 'huffman_decoder' (3#1) [D:/SDUP_2020_projekt_H/Huffman/Huffman.srcs/sources_1/new/huffman_decoder.v:47]
---------------------------------------------------------------------------------
Finished RTL Elaboration : Time (s): cpu = 00:00:08 ; elapsed = 00:00:10 . Memory (MB): peak = 363.629 ; gain = 153.453
---------------------------------------------------------------------------------

Report Check Netlist: 
+------+------------------+-------+---------+-------+------------------+
|      |Item              |Errors |Warnings |Status |Description       |
+------+------------------+-------+---------+-------+------------------+
|1     |multi_driven_nets |      0|        0|Passed |Multi driven nets |
+------+------------------+-------+---------+-------+------------------+
---------------------------------------------------------------------------------
Finished RTL Optimization Phase 1 : Time (s): cpu = 00:00:08 ; elapsed = 00:00:10 . Memory (MB): peak = 363.629 ; gain = 153.453
---------------------------------------------------------------------------------
INFO: [Device 21-403] Loading part xc7z020clg484-1
INFO: [Project 1-570] Preparing netlist for logic optimization

Processing XDC Constraints
Initializing timing engine
Parsing XDC File [D:/SDUP_2020_projekt_H/Huffman/Huffman.srcs/constrs_2/new/huffman_decoder.xdc]
Finished Parsing XDC File [D:/SDUP_2020_projekt_H/Huffman/Huffman.srcs/constrs_2/new/huffman_decoder.xdc]
Completed Processing XDC Constraints

INFO: [Project 1-111] Unisim Transformation Summary:
No Unisim elements were transformed.

Constraint Validation Runtime : Time (s): cpu = 00:00:00 ; elapsed = 00:00:00.012 . Memory (MB): peak = 693.469 ; gain = 0.059
---------------------------------------------------------------------------------
Finished Constraint Validation : Time (s): cpu = 00:00:19 ; elapsed = 00:00:21 . Memory (MB): peak = 693.469 ; gain = 483.293
---------------------------------------------------------------------------------
---------------------------------------------------------------------------------
Start Loading Part and Timing Information
---------------------------------------------------------------------------------
Loading part: xc7z020clg484-1
---------------------------------------------------------------------------------
Finished Loading Part and Timing Information : Time (s): cpu = 00:00:19 ; elapsed = 00:00:21 . Memory (MB): peak = 693.469 ; gain = 483.293
---------------------------------------------------------------------------------
---------------------------------------------------------------------------------
Start Applying 'set_property' XDC Constraints
---------------------------------------------------------------------------------
---------------------------------------------------------------------------------
Finished applying 'set_property' XDC Constraints : Time (s): cpu = 00:00:19 ; elapsed = 00:00:21 . Memory (MB): peak = 693.469 ; gain = 483.293
---------------------------------------------------------------------------------
INFO: [Synth 8-5544] ROM "symbols_tab" won't be mapped to Block RAM because address size (4) smaller than threshold (5)
INFO: [Synth 8-5544] ROM "state" won't be mapped to Block RAM because address size (1) smaller than threshold (5)
INFO: [Synth 8-5544] ROM "sorting_state" won't be mapped to Block RAM because address size (1) smaller than threshold (5)
INFO: [Synth 8-5545] ROM "making_tree_state" won't be mapped to RAM because address size (32) is larger than maximum supported(25)
INFO: [Synth 8-5544] ROM "current_symbol" won't be mapped to Block RAM because address size (3) smaller than threshold (5)
INFO: [Synth 8-5845] Not enough pipeline registers after wide multiplier. Recommended levels of pipeline registers is 2 [D:/SDUP_2020_projekt_H/Huffman/Huffman.srcs/sources_1/new/raw_decoder.v:186]
---------------------------------------------------------------------------------
Finished RTL Optimization Phase 2 : Time (s): cpu = 00:00:20 ; elapsed = 00:00:22 . Memory (MB): peak = 693.469 ; gain = 483.293
---------------------------------------------------------------------------------

Report RTL Partitions: 
+-+--------------+------------+----------+
| |RTL Partition |Replication |Instances |
+-+--------------+------------+----------+
+-+--------------+------------+----------+
---------------------------------------------------------------------------------
Start RTL Component Statistics 
---------------------------------------------------------------------------------
Detailed RTL Component Info : 
+---Adders : 
	   2 Input     48 Bit       Adders := 2     
	   2 Input     32 Bit       Adders := 21    
	   2 Input     16 Bit       Adders := 1     
	   2 Input     12 Bit       Adders := 1     
	   2 Input      9 Bit       Adders := 1     
	   2 Input      8 Bit       Adders := 5     
+---Registers : 
	               32 Bit    Registers := 19    
	               16 Bit    Registers := 1     
	               11 Bit    Registers := 1     
	                9 Bit    Registers := 1     
	                8 Bit    Registers := 20    
	                6 Bit    Registers := 6     
	                5 Bit    Registers := 1     
	                4 Bit    Registers := 4     
	                3 Bit    Registers := 2     
	                1 Bit    Registers := 6     
+---Multipliers : 
	                 2x18  Multipliers := 1     
	                 2x16  Multipliers := 1     
+---RAMs : 
	               8K Bit         RAMs := 1     
	               6K Bit         RAMs := 3     
	               1K Bit         RAMs := 3     
	             1024 Bit         RAMs := 2     
	              800 Bit         RAMs := 1     
	              408 Bit         RAMs := 2     
	              400 Bit         RAMs := 4     
+---Muxes : 
	  14 Input     32 Bit        Muxes := 9     
	   8 Input     32 Bit        Muxes := 8     
	  10 Input     32 Bit        Muxes := 6     
	   5 Input     32 Bit        Muxes := 1     
	   2 Input     32 Bit        Muxes := 7     
	  23 Input     32 Bit        Muxes := 1     
	  10 Input     16 Bit        Muxes := 1     
	   8 Input      8 Bit        Muxes := 1     
	  14 Input      8 Bit        Muxes := 4     
	  10 Input      8 Bit        Muxes := 6     
	   2 Input      8 Bit        Muxes := 1     
	  14 Input      6 Bit        Muxes := 1     
	   2 Input      5 Bit        Muxes := 1     
	  14 Input      4 Bit        Muxes := 2     
	   2 Input      4 Bit        Muxes := 3     
	  10 Input      4 Bit        Muxes := 1     
	  15 Input      4 Bit        Muxes := 1     
	   3 Input      4 Bit        Muxes := 1     
	  14 Input      3 Bit        Muxes := 2     
	   3 Input      3 Bit        Muxes := 2     
	   8 Input      3 Bit        Muxes := 1     
	   9 Input      3 Bit        Muxes := 1     
	   2 Input      3 Bit        Muxes := 4     
	  23 Input      3 Bit        Muxes := 1     
	   2 Input      2 Bit        Muxes := 2     
	  23 Input      2 Bit        Muxes := 1     
	  23 Input      1 Bit        Muxes := 23    
	  14 Input      1 Bit        Muxes := 34    
	  30 Input      1 Bit        Muxes := 1     
	   8 Input      1 Bit        Muxes := 8     
	  10 Input      1 Bit        Muxes := 13    
	  21 Input      1 Bit        Muxes := 3     
	  11 Input      1 Bit        Muxes := 1     
	  17 Input      1 Bit        Muxes := 2     
	   5 Input      1 Bit        Muxes := 2     
	   4 Input      1 Bit        Muxes := 1     
---------------------------------------------------------------------------------
Finished RTL Component Statistics 
---------------------------------------------------------------------------------
---------------------------------------------------------------------------------
Start RTL Hierarchical Component Statistics 
---------------------------------------------------------------------------------
Hierarchical RTL Component report 
Module huffman_decoder 
Detailed RTL Component Info : 
+---Adders : 
	   2 Input     32 Bit       Adders := 2     
+---Registers : 
	               32 Bit    Registers := 3     
	                8 Bit    Registers := 7     
	                5 Bit    Registers := 1     
	                1 Bit    Registers := 4     
+---RAMs : 
	               8K Bit         RAMs := 1     
	             1024 Bit         RAMs := 1     
	              400 Bit         RAMs := 2     
+---Muxes : 
	   2 Input     32 Bit        Muxes := 2     
	  23 Input     32 Bit        Muxes := 1     
	   2 Input      5 Bit        Muxes := 1     
	   2 Input      4 Bit        Muxes := 2     
	   3 Input      4 Bit        Muxes := 1     
	  23 Input      3 Bit        Muxes := 1     
	  23 Input      2 Bit        Muxes := 1     
	  23 Input      1 Bit        Muxes := 17    
	   5 Input      1 Bit        Muxes := 1     
	   4 Input      1 Bit        Muxes := 1     
Module create_tree 
Detailed RTL Component Info : 
+---Adders : 
	   2 Input     32 Bit       Adders := 12    
	   2 Input     12 Bit       Adders := 1     
	   2 Input      8 Bit       Adders := 2     
+---Registers : 
	               32 Bit    Registers := 11    
	               11 Bit    Registers := 1     
	                9 Bit    Registers := 1     
	                8 Bit    Registers := 7     
	                6 Bit    Registers := 3     
	                4 Bit    Registers := 2     
	                3 Bit    Registers := 2     
	                1 Bit    Registers := 1     
+---RAMs : 
	               6K Bit         RAMs := 3     
	               1K Bit         RAMs := 2     
	              408 Bit         RAMs := 2     
+---Muxes : 
	  14 Input     32 Bit        Muxes := 6     
	   8 Input     32 Bit        Muxes := 8     
	  10 Input     32 Bit        Muxes := 5     
	   5 Input     32 Bit        Muxes := 1     
	   2 Input     32 Bit        Muxes := 3     
	   8 Input      8 Bit        Muxes := 1     
	  14 Input      8 Bit        Muxes := 3     
	  10 Input      8 Bit        Muxes := 3     
	   2 Input      8 Bit        Muxes := 1     
	  14 Input      6 Bit        Muxes := 1     
	  14 Input      4 Bit        Muxes := 1     
	  14 Input      3 Bit        Muxes := 1     
	   3 Input      3 Bit        Muxes := 1     
	   8 Input      3 Bit        Muxes := 1     
	   9 Input      3 Bit        Muxes := 1     
	   2 Input      3 Bit        Muxes := 2     
	   2 Input      2 Bit        Muxes := 2     
	  23 Input      1 Bit        Muxes := 3     
	  14 Input      1 Bit        Muxes := 18    
	  30 Input      1 Bit        Muxes := 1     
	   8 Input      1 Bit        Muxes := 8     
	  10 Input      1 Bit        Muxes := 6     
	  21 Input      1 Bit        Muxes := 3     
	  11 Input      1 Bit        Muxes := 1     
	  17 Input      1 Bit        Muxes := 2     
Module raw_decoder 
Detailed RTL Component Info : 
+---Adders : 
	   2 Input     48 Bit       Adders := 2     
	   2 Input     32 Bit       Adders := 7     
	   2 Input     16 Bit       Adders := 1     
	   2 Input      9 Bit       Adders := 1     
	   2 Input      8 Bit       Adders := 3     
+---Registers : 
	               32 Bit    Registers := 5     
	               16 Bit    Registers := 1     
	                8 Bit    Registers := 6     
	                6 Bit    Registers := 3     
	                4 Bit    Registers := 2     
	                1 Bit    Registers := 1     
+---Multipliers : 
	                 2x18  Multipliers := 1     
	                 2x16  Multipliers := 1     
+---RAMs : 
	             1024 Bit         RAMs := 1     
	               1K Bit         RAMs := 1     
	              800 Bit         RAMs := 1     
	              400 Bit         RAMs := 2     
+---Muxes : 
	  14 Input     32 Bit        Muxes := 3     
	   2 Input     32 Bit        Muxes := 2     
	  10 Input     32 Bit        Muxes := 1     
	  10 Input     16 Bit        Muxes := 1     
	  14 Input      8 Bit        Muxes := 1     
	  10 Input      8 Bit        Muxes := 3     
	   2 Input      4 Bit        Muxes := 1     
	  10 Input      4 Bit        Muxes := 1     
	  14 Input      4 Bit        Muxes := 1     
	  15 Input      4 Bit        Muxes := 1     
	   2 Input      3 Bit        Muxes := 2     
	   3 Input      3 Bit        Muxes := 1     
	  14 Input      3 Bit        Muxes := 1     
	  14 Input      1 Bit        Muxes := 16    
	  10 Input      1 Bit        Muxes := 7     
	  23 Input      1 Bit        Muxes := 3     
	   5 Input      1 Bit        Muxes := 1     
---------------------------------------------------------------------------------
Finished RTL Hierarchical Component Statistics
---------------------------------------------------------------------------------
---------------------------------------------------------------------------------
Start Part Resource Summary
---------------------------------------------------------------------------------
Part Resources:
DSPs: 220 (col length:60)
BRAMs: 280 (col length: RAMB18 60 RAMB36 30)
---------------------------------------------------------------------------------
Finished Part Resource Summary
---------------------------------------------------------------------------------
---------------------------------------------------------------------------------
Start Cross Boundary and Area Optimization
---------------------------------------------------------------------------------
INFO: [Synth 8-5784] Optimized 24 bits of RAM "code_list_reg" due to constant propagation. Old ram width 32 bits, new ram width 8 bits.
INFO: [Synth 8-5583] The signal code_list_reg is implemented as block RAM but is better mapped onto distributed LUT RAM for the following reason(s): The depth (6 address bits) is shallow. Please use attribute (* ram_style = "distributed" *) to instruct Vivado to infer distributed LUT RAM.
INFO: [Synth 8-4652] Swapped enable and write-enable on 1 RAM instances of RAM decoded_characters_array_reg to conserve power
INFO: [Synth 8-4652] Swapped enable and write-enable on 1 RAM instances of RAM decoded_output_reg to conserve power
INFO: [Synth 8-3886] merging instance 'tree/i_reg_rep[3]' (FDE) to 'tree/i_reg[3]'
INFO: [Synth 8-3886] merging instance 'tree/i_reg_rep[2]' (FDE) to 'tree/i_reg[2]'
INFO: [Synth 8-3886] merging instance 'tree/i_reg_rep[1]' (FDE) to 'tree/i_reg[1]'
INFO: [Synth 8-3886] merging instance 'tree/i_reg_rep[0]' (FDE) to 'tree/i_reg[0]'
INFO: [Synth 8-3886] merging instance 'tree/i_reg_rep[4]' (FDE) to 'tree/i_reg[4]'
INFO: [Synth 8-3886] merging instance 'tree/i_reg_rep[5]' (FDE) to 'tree/i_reg[5]'
INFO: [Synth 8-3886] merging instance 'tree_symbol_in_reg[7]' (FDE) to 'tree_probability_in_reg[11]'
INFO: [Synth 8-3886] merging instance 'tree_probability_in_reg[16]' (FDE) to 'tree_probability_in_reg[11]'
INFO: [Synth 8-3886] merging instance 'tree_probability_in_reg[17]' (FDE) to 'tree_probability_in_reg[11]'
INFO: [Synth 8-3886] merging instance 'tree_probability_in_reg[18]' (FDE) to 'tree_probability_in_reg[11]'
INFO: [Synth 8-3886] merging instance 'tree_probability_in_reg[19]' (FDE) to 'tree_probability_in_reg[11]'
INFO: [Synth 8-3886] merging instance 'tree_probability_in_reg[20]' (FDE) to 'tree_probability_in_reg[11]'
INFO: [Synth 8-3886] merging instance 'tree_probability_in_reg[21]' (FDE) to 'tree_probability_in_reg[11]'
INFO: [Synth 8-3886] merging instance 'tree_probability_in_reg[22]' (FDE) to 'tree_probability_in_reg[11]'
INFO: [Synth 8-3886] merging instance 'tree_probability_in_reg[23]' (FDE) to 'tree_probability_in_reg[11]'
INFO: [Synth 8-3886] merging instance 'tree_probability_in_reg[24]' (FDE) to 'tree_probability_in_reg[11]'
INFO: [Synth 8-3886] merging instance 'tree_probability_in_reg[25]' (FDE) to 'tree_probability_in_reg[11]'
INFO: [Synth 8-3886] merging instance 'tree_probability_in_reg[26]' (FDE) to 'tree_probability_in_reg[11]'
INFO: [Synth 8-3886] merging instance 'tree_probability_in_reg[27]' (FDE) to 'tree_probability_in_reg[11]'
INFO: [Synth 8-3886] merging instance 'tree_probability_in_reg[28]' (FDE) to 'tree_probability_in_reg[11]'
INFO: [Synth 8-3886] merging instance 'tree_probability_in_reg[29]' (FDE) to 'tree_probability_in_reg[11]'
INFO: [Synth 8-3886] merging instance 'tree_probability_in_reg[30]' (FDE) to 'tree_probability_in_reg[11]'
INFO: [Synth 8-3886] merging instance 'tree_probability_in_reg[31]' (FDE) to 'tree_probability_in_reg[11]'
INFO: [Synth 8-3886] merging instance 'tree_probability_in_reg[9]' (FDE) to 'tree_probability_in_reg[10]'
INFO: [Synth 8-3886] merging instance 'tree_probability_in_reg[11]' (FDE) to 'tree_probability_in_reg[12]'
INFO: [Synth 8-3886] merging instance 'tree_probability_in_reg[12]' (FDE) to 'tree_probability_in_reg[13]'
INFO: [Synth 8-3886] merging instance 'tree_probability_in_reg[13]' (FDE) to 'tree_probability_in_reg[14]'
INFO: [Synth 8-3886] merging instance 'tree_probability_in_reg[14]' (FDE) to 'tree_probability_in_reg[15]'
INFO: [Synth 8-3333] propagating constant 0 across sequential element (\tree_probability_in_reg[15] )
INFO: [Synth 8-3886] merging instance 'i_iterator_reg_rep[0]' (FDE) to 'i_iterator_reg[0]'
INFO: [Synth 8-3886] merging instance 'i_iterator_reg_rep[1]' (FDE) to 'i_iterator_reg[1]'
INFO: [Synth 8-3886] merging instance 'i_iterator_reg_rep[2]' (FDE) to 'i_iterator_reg[2]'
INFO: [Synth 8-3886] merging instance 'i_iterator_reg_rep[3]' (FDE) to 'i_iterator_reg[3]'
INFO: [Synth 8-3886] merging instance 'i_iterator_reg_rep[4]' (FDE) to 'i_iterator_reg[4]'
INFO: [Synth 8-3886] merging instance 'i_iterator_reg_rep[5]' (FDE) to 'i_iterator_reg[5]'
INFO: [Synth 8-3886] merging instance 'i_iterator_reg_rep[6]' (FDE) to 'i_iterator_reg[6]'
INFO: [Synth 8-3886] merging instance 'i_iterator_reg_rep[7]' (FDE) to 'i_iterator_reg[7]'
INFO: [Synth 8-3886] merging instance 'i_iterator_reg_rep[8]' (FDE) to 'i_iterator_reg[8]'
INFO: [Synth 8-3886] merging instance 'i_iterator_reg_rep[9]' (FDE) to 'i_iterator_reg[9]'
INFO: [Synth 8-3886] merging instance 'tree/position_reg_rep[5]' (FDE) to 'tree/position_reg[5]'
INFO: [Synth 8-3886] merging instance 'tree/position_reg_rep[4]' (FDE) to 'tree/position_reg[4]'
INFO: [Synth 8-3886] merging instance 'tree/position_reg_rep[3]' (FDE) to 'tree/position_reg[3]'
INFO: [Synth 8-3886] merging instance 'tree/position_reg_rep[2]' (FDE) to 'tree/position_reg[2]'
INFO: [Synth 8-3886] merging instance 'tree/position_reg_rep[1]' (FDE) to 'tree/position_reg[1]'
INFO: [Synth 8-3886] merging instance 'tree/position_reg_rep[0]' (FDE) to 'tree/position_reg[0]'
INFO: [Synth 8-3886] merging instance 'tree/j_reg_rep[0]' (FDE) to 'tree/j_reg[0]'
INFO: [Synth 8-3886] merging instance 'tree/j_reg_rep[1]' (FDE) to 'tree/j_reg[1]'
INFO: [Synth 8-3886] merging instance 'tree/j_reg_rep[2]' (FDE) to 'tree/j_reg[2]'
INFO: [Synth 8-3886] merging instance 'tree/j_reg_rep[3]' (FDE) to 'tree/j_reg[3]'
INFO: [Synth 8-3886] merging instance 'tree/j_reg_rep[4]' (FDE) to 'tree/j_reg[4]'
INFO: [Synth 8-3886] merging instance 'tree/j_reg_rep[5]' (FDE) to 'tree/j_reg[5]'
INFO: [Synth 8-3886] merging instance 'tree/shift_reg[10]' (FDE) to 'tree/shift2_reg[8]'
INFO: [Synth 8-3886] merging instance 'tree/shift_reg[0]' (FDE) to 'tree/shift2_reg[0]'
INFO: [Synth 8-3886] merging instance 'tree/shift2_reg[0]' (FDE) to 'tree/shift_reg[2]'
INFO: [Synth 8-3886] merging instance 'tree/shift_reg[1]' (FDE) to 'tree/shift_reg[2]'
INFO: [Synth 8-3886] merging instance 'tree/shift2_reg[1]' (FDE) to 'tree/shift_reg[3]'
INFO: [Synth 8-3333] propagating constant 0 across sequential element (tree/\shift_reg[2] )
INFO: [Synth 8-3886] merging instance 'tree/shift2_reg[2]' (FDE) to 'tree/shift_reg[4]'
INFO: [Synth 8-3886] merging instance 'tree/shift2_reg[3]' (FDE) to 'tree/shift_reg[5]'
INFO: [Synth 8-3886] merging instance 'tree/shift2_reg[4]' (FDE) to 'tree/shift_reg[6]'
INFO: [Synth 8-3886] merging instance 'tree/shift2_reg[5]' (FDE) to 'tree/shift_reg[7]'
INFO: [Synth 8-3886] merging instance 'tree/shift2_reg[6]' (FDE) to 'tree/shift_reg[8]'
INFO: [Synth 8-3886] merging instance 'tree/shift2_reg[7]' (FDE) to 'tree/shift_reg[9]'
INFO: [Synth 8-3886] merging instance 'tree/position_reg[6]' (FDE) to 'tree/position_reg_rep[6]'
INFO: [Synth 8-3886] merging instance 'tree/position_reg[7]' (FDE) to 'tree/position_reg_rep[7]'
INFO: [Synth 8-3886] merging instance 'tree/j_reg_rep[6]' (FDE) to 'tree/j_reg[6]'
INFO: [Synth 8-3886] merging instance 'tree/j_reg_rep[7]' (FDE) to 'tree/j_reg[7]'
INFO: [Synth 8-3886] merging instance 'decoder_symbols_amount_reg[0]' (FDE) to 'decoder_symbols_in_reg[7]'
INFO: [Synth 8-3886] merging instance 'decoder_symbols_amount_reg[1]' (FDE) to 'decoder_symbols_amount_reg[5]'
INFO: [Synth 8-3886] merging instance 'decoder_symbols_amount_reg[2]' (FDE) to 'decoder_symbols_in_reg[7]'
INFO: [Synth 8-3886] merging instance 'decoder_symbols_amount_reg[3]' (FDE) to 'decoder_symbols_in_reg[7]'
INFO: [Synth 8-3886] merging instance 'decoder_symbols_amount_reg[4]' (FDE) to 'decoder_symbols_amount_reg[5]'
INFO: [Synth 8-3333] propagating constant 1 across sequential element (\decoder_symbols_amount_reg[5] )
INFO: [Synth 8-3886] merging instance 'decoder_symbols_amount_reg[6]' (FDE) to 'decoder_symbols_in_reg[7]'
INFO: [Synth 8-3886] merging instance 'decoder_symbols_amount_reg[7]' (FDE) to 'decoder_symbols_in_reg[7]'
INFO: [Synth 8-3333] propagating constant 0 across sequential element (\decoder_symbols_in_reg[7] )
INFO: [Synth 8-3886] merging instance 'tree_symbols_length_reg[0]' (FDE) to 'tree_symbols_length_reg[2]'
INFO: [Synth 8-3886] merging instance 'tree_symbols_length_reg[1]' (FDE) to 'tree_symbols_length_reg[4]'
INFO: [Synth 8-3886] merging instance 'tree_symbols_length_reg[2]' (FDE) to 'tree_symbols_length_reg[3]'
INFO: [Synth 8-3886] merging instance 'tree_symbols_length_reg[3]' (FDE) to 'tree_symbols_length_reg[6]'
INFO: [Synth 8-3886] merging instance 'tree_symbols_length_reg[4]' (FDE) to 'tree_symbols_length_reg[5]'
INFO: [Synth 8-3333] propagating constant 1 across sequential element (\tree_symbols_length_reg[5] )
INFO: [Synth 8-3886] merging instance 'tree_symbols_length_reg[6]' (FDE) to 'tree_symbols_length_reg[7]'
INFO: [Synth 8-3333] propagating constant 0 across sequential element (\tree_symbols_length_reg[7] )
INFO: [Synth 8-3886] merging instance 'decoder/iterator_1_reg_rep[0]' (FDE) to 'decoder/iterator_1_reg[0]'
INFO: [Synth 8-3886] merging instance 'decoder/iterator_1_reg_rep[1]' (FDE) to 'decoder/iterator_1_reg[1]'
INFO: [Synth 8-3886] merging instance 'decoder/iterator_1_reg_rep[2]' (FDE) to 'decoder/iterator_1_reg[2]'
INFO: [Synth 8-3886] merging instance 'decoder/iterator_1_reg_rep[3]' (FDE) to 'decoder/iterator_1_reg[3]'
INFO: [Synth 8-3886] merging instance 'decoder/iterator_1_reg_rep[4]' (FDE) to 'decoder/iterator_1_reg[4]'
INFO: [Synth 8-3886] merging instance 'decoder/iterator_1_reg_rep[5]' (FDE) to 'decoder/iterator_1_reg[5]'
INFO: [Synth 8-3886] merging instance 'decoder/iterator_1_reg_rep[6]' (FDE) to 'decoder/iterator_1_reg[6]'
INFO: [Synth 8-3886] merging instance 'k_reg_rep[0]' (FDE) to 'k_reg[0]'
INFO: [Synth 8-3886] merging instance 'k_reg_rep[1]' (FDE) to 'k_reg[1]'
INFO: [Synth 8-3886] merging instance 'k_reg_rep[2]' (FDE) to 'k_reg[2]'
INFO: [Synth 8-3886] merging instance 'k_reg_rep[3]' (FDE) to 'k_reg[3]'
INFO: [Synth 8-3886] merging instance 'k_reg_rep[4]' (FDE) to 'k_reg[4]'
INFO: [Synth 8-3886] merging instance 'k_reg_rep[5]' (FDE) to 'k_reg[5]'
INFO: [Synth 8-3886] merging instance 'k_reg_rep[6]' (FDE) to 'k_reg[6]'
INFO: [Synth 8-3886] merging instance 'k_reg_rep[7]' (FDE) to 'k_reg[7]'
INFO: [Synth 8-3886] merging instance 'k_reg_rep[8]' (FDE) to 'k_reg[8]'
INFO: [Synth 8-3886] merging instance 'k_reg_rep[9]' (FDE) to 'k_reg[9]'
INFO: [Synth 8-3886] merging instance 'tree/shift_reg[3]' (FDE) to 'tree/shift2_reg[8]'
INFO: [Synth 8-3886] merging instance 'tree/shift_reg[2]' (FDE) to 'tree/shift2_reg[8]'
INFO: [Synth 8-3886] merging instance 'tree/shift_reg[4]' (FDE) to 'tree/shift_reg[8]'
INFO: [Synth 8-3886] merging instance 'tree/shift_reg[5]' (FDE) to 'tree/shift2_reg[8]'
INFO: [Synth 8-3886] merging instance 'tree/shift_reg[6]' (FDE) to 'tree/shift2_reg[8]'
INFO: [Common 17-14] Message 'Synth 8-3886' appears 100 times and further instances of the messages will be disabled. Use the Tcl command set_msg_config to change the current settings.
INFO: [Synth 8-3333] propagating constant 0 across sequential element (tree/\shift_reg[9] )
INFO: [Synth 8-3333] propagating constant 0 across sequential element (decoder/\symbol_amount_var_reg[7] )
WARNING: [Synth 8-3332] Sequential element (position_reg[31]) is unused and will be removed from module create_tree.
WARNING: [Synth 8-3332] Sequential element (position_reg[30]) is unused and will be removed from module create_tree.
WARNING: [Synth 8-3332] Sequential element (position_reg[29]) is unused and will be removed from module create_tree.
WARNING: [Synth 8-3332] Sequential element (position_reg[28]) is unused and will be removed from module create_tree.
WARNING: [Synth 8-3332] Sequential element (position_reg[27]) is unused and will be removed from module create_tree.
WARNING: [Synth 8-3332] Sequential element (position_reg[26]) is unused and will be removed from module create_tree.
WARNING: [Synth 8-3332] Sequential element (position_reg[25]) is unused and will be removed from module create_tree.
WARNING: [Synth 8-3332] Sequential element (position_reg[24]) is unused and will be removed from module create_tree.
WARNING: [Synth 8-3332] Sequential element (position_reg[23]) is unused and will be removed from module create_tree.
WARNING: [Synth 8-3332] Sequential element (position_reg[22]) is unused and will be removed from module create_tree.
WARNING: [Synth 8-3332] Sequential element (position_reg[21]) is unused and will be removed from module create_tree.
WARNING: [Synth 8-3332] Sequential element (position_reg[20]) is unused and will be removed from module create_tree.
WARNING: [Synth 8-3332] Sequential element (position_reg[19]) is unused and will be removed from module create_tree.
WARNING: [Synth 8-3332] Sequential element (position_reg[18]) is unused and will be removed from module create_tree.
WARNING: [Synth 8-3332] Sequential element (position_reg[17]) is unused and will be removed from module create_tree.
WARNING: [Synth 8-3332] Sequential element (position_reg[16]) is unused and will be removed from module create_tree.
WARNING: [Synth 8-3332] Sequential element (position_reg[15]) is unused and will be removed from module create_tree.
WARNING: [Synth 8-3332] Sequential element (position_reg[14]) is unused and will be removed from module create_tree.
WARNING: [Synth 8-3332] Sequential element (position_reg[13]) is unused and will be removed from module create_tree.
WARNING: [Synth 8-3332] Sequential element (position_reg[12]) is unused and will be removed from module create_tree.
WARNING: [Synth 8-3332] Sequential element (position_reg[11]) is unused and will be removed from module create_tree.
WARNING: [Synth 8-3332] Sequential element (position_reg[10]) is unused and will be removed from module create_tree.
WARNING: [Synth 8-3332] Sequential element (position_reg[9]) is unused and will be removed from module create_tree.
WARNING: [Synth 8-3332] Sequential element (position_reg[8]) is unused and will be removed from module create_tree.
WARNING: [Synth 8-3332] Sequential element (tree_tab_length_reg[31]) is unused and will be removed from module create_tree.
WARNING: [Synth 8-3332] Sequential element (tree_tab_length_reg[30]) is unused and will be removed from module create_tree.
WARNING: [Synth 8-3332] Sequential element (tree_tab_length_reg[29]) is unused and will be removed from module create_tree.
WARNING: [Synth 8-3332] Sequential element (tree_tab_length_reg[28]) is unused and will be removed from module create_tree.
WARNING: [Synth 8-3332] Sequential element (tree_tab_length_reg[27]) is unused and will be removed from module create_tree.
WARNING: [Synth 8-3332] Sequential element (tree_tab_length_reg[26]) is unused and will be removed from module create_tree.
WARNING: [Synth 8-3332] Sequential element (tree_tab_length_reg[25]) is unused and will be removed from module create_tree.
WARNING: [Synth 8-3332] Sequential element (tree_tab_length_reg[24]) is unused and will be removed from module create_tree.
WARNING: [Synth 8-3332] Sequential element (tree_tab_length_reg[23]) is unused and will be removed from module create_tree.
WARNING: [Synth 8-3332] Sequential element (tree_tab_length_reg[22]) is unused and will be removed from module create_tree.
WARNING: [Synth 8-3332] Sequential element (tree_tab_length_reg[21]) is unused and will be removed from module create_tree.
WARNING: [Synth 8-3332] Sequential element (tree_tab_length_reg[20]) is unused and will be removed from module create_tree.
WARNING: [Synth 8-3332] Sequential element (tree_tab_length_reg[19]) is unused and will be removed from module create_tree.
WARNING: [Synth 8-3332] Sequential element (tree_tab_length_reg[18]) is unused and will be removed from module create_tree.
WARNING: [Synth 8-3332] Sequential element (tree_tab_length_reg[17]) is unused and will be removed from module create_tree.
WARNING: [Synth 8-3332] Sequential element (tree_tab_length_reg[16]) is unused and will be removed from module create_tree.
WARNING: [Synth 8-3332] Sequential element (tree_tab_length_reg[15]) is unused and will be removed from module create_tree.
WARNING: [Synth 8-3332] Sequential element (tree_tab_length_reg[14]) is unused and will be removed from module create_tree.
WARNING: [Synth 8-3332] Sequential element (tree_tab_length_reg[13]) is unused and will be removed from module create_tree.
WARNING: [Synth 8-3332] Sequential element (tree_tab_length_reg[12]) is unused and will be removed from module create_tree.
WARNING: [Synth 8-3332] Sequential element (tree_tab_length_reg[11]) is unused and will be removed from module create_tree.
WARNING: [Synth 8-3332] Sequential element (tree_tab_length_reg[10]) is unused and will be removed from module create_tree.
WARNING: [Synth 8-3332] Sequential element (tree_tab_length_reg[9]) is unused and will be removed from module create_tree.
WARNING: [Synth 8-3332] Sequential element (tree_tab_length_reg[8]) is unused and will be removed from module create_tree.
WARNING: [Synth 8-3332] Sequential element (counter_reg[31]) is unused and will be removed from module create_tree.
WARNING: [Synth 8-3332] Sequential element (counter_reg[30]) is unused and will be removed from module create_tree.
WARNING: [Synth 8-3332] Sequential element (counter_reg[29]) is unused and will be removed from module create_tree.
WARNING: [Synth 8-3332] Sequential element (counter_reg[28]) is unused and will be removed from module create_tree.
WARNING: [Synth 8-3332] Sequential element (counter_reg[27]) is unused and will be removed from module create_tree.
WARNING: [Synth 8-3332] Sequential element (counter_reg[26]) is unused and will be removed from module create_tree.
WARNING: [Synth 8-3332] Sequential element (counter_reg[25]) is unused and will be removed from module create_tree.
WARNING: [Synth 8-3332] Sequential element (counter_reg[24]) is unused and will be removed from module create_tree.
WARNING: [Synth 8-3332] Sequential element (counter_reg[23]) is unused and will be removed from module create_tree.
WARNING: [Synth 8-3332] Sequential element (counter_reg[22]) is unused and will be removed from module create_tree.
WARNING: [Synth 8-3332] Sequential element (counter_reg[21]) is unused and will be removed from module create_tree.
WARNING: [Synth 8-3332] Sequential element (counter_reg[20]) is unused and will be removed from module create_tree.
WARNING: [Synth 8-3332] Sequential element (counter_reg[19]) is unused and will be removed from module create_tree.
WARNING: [Synth 8-3332] Sequential element (counter_reg[18]) is unused and will be removed from module create_tree.
WARNING: [Synth 8-3332] Sequential element (counter_reg[17]) is unused and will be removed from module create_tree.
WARNING: [Synth 8-3332] Sequential element (counter_reg[16]) is unused and will be removed from module create_tree.
WARNING: [Synth 8-3332] Sequential element (counter_reg[15]) is unused and will be removed from module create_tree.
WARNING: [Synth 8-3332] Sequential element (counter_reg[14]) is unused and will be removed from module create_tree.
WARNING: [Synth 8-3332] Sequential element (counter_reg[13]) is unused and will be removed from module create_tree.
WARNING: [Synth 8-3332] Sequential element (counter_reg[12]) is unused and will be removed from module create_tree.
WARNING: [Synth 8-3332] Sequential element (counter_reg[11]) is unused and will be removed from module create_tree.
WARNING: [Synth 8-3332] Sequential element (counter_reg[10]) is unused and will be removed from module create_tree.
WARNING: [Synth 8-3332] Sequential element (counter_reg[9]) is unused and will be removed from module create_tree.
WARNING: [Synth 8-3332] Sequential element (counter_reg[8]) is unused and will be removed from module create_tree.
WARNING: [Synth 8-3332] Sequential element (symbol_it_reg[6]) is unused and will be removed from module create_tree.
WARNING: [Synth 8-3332] Sequential element (symbol_it_reg[7]) is unused and will be removed from module create_tree.
WARNING: [Synth 8-3332] Sequential element (symbol_it_reg[8]) is unused and will be removed from module create_tree.
WARNING: [Synth 8-3332] Sequential element (symbol_it_reg[9]) is unused and will be removed from module create_tree.
WARNING: [Synth 8-3332] Sequential element (symbol_it_reg[10]) is unused and will be removed from module create_tree.
WARNING: [Synth 8-3332] Sequential element (symbol_it_reg[11]) is unused and will be removed from module create_tree.
WARNING: [Synth 8-3332] Sequential element (symbol_it_reg[12]) is unused and will be removed from module create_tree.
WARNING: [Synth 8-3332] Sequential element (symbol_it_reg[13]) is unused and will be removed from module create_tree.
WARNING: [Synth 8-3332] Sequential element (symbol_it_reg[14]) is unused and will be removed from module create_tree.
WARNING: [Synth 8-3332] Sequential element (symbol_it_reg[15]) is unused and will be removed from module create_tree.
WARNING: [Synth 8-3332] Sequential element (symbol_it_reg[16]) is unused and will be removed from module create_tree.
WARNING: [Synth 8-3332] Sequential element (symbol_it_reg[17]) is unused and will be removed from module create_tree.
WARNING: [Synth 8-3332] Sequential element (symbol_it_reg[18]) is unused and will be removed from module create_tree.
WARNING: [Synth 8-3332] Sequential element (symbol_it_reg[19]) is unused and will be removed from module create_tree.
WARNING: [Synth 8-3332] Sequential element (symbol_it_reg[20]) is unused and will be removed from module create_tree.
WARNING: [Synth 8-3332] Sequential element (symbol_it_reg[21]) is unused and will be removed from module create_tree.
WARNING: [Synth 8-3332] Sequential element (symbol_it_reg[22]) is unused and will be removed from module create_tree.
WARNING: [Synth 8-3332] Sequential element (symbol_it_reg[23]) is unused and will be removed from module create_tree.
WARNING: [Synth 8-3332] Sequential element (symbol_it_reg[24]) is unused and will be removed from module create_tree.
WARNING: [Synth 8-3332] Sequential element (symbol_it_reg[25]) is unused and will be removed from module create_tree.
WARNING: [Synth 8-3332] Sequential element (symbol_it_reg[26]) is unused and will be removed from module create_tree.
WARNING: [Synth 8-3332] Sequential element (symbol_it_reg[27]) is unused and will be removed from module create_tree.
WARNING: [Synth 8-3332] Sequential element (symbol_it_reg[28]) is unused and will be removed from module create_tree.
WARNING: [Synth 8-3332] Sequential element (symbol_it_reg[29]) is unused and will be removed from module create_tree.
WARNING: [Synth 8-3332] Sequential element (symbol_it_reg[30]) is unused and will be removed from module create_tree.
WARNING: [Synth 8-3332] Sequential element (symbol_it_reg[31]) is unused and will be removed from module create_tree.
WARNING: [Synth 8-3332] Sequential element (code_out_reg[31]) is unused and will be removed from module create_tree.
WARNING: [Synth 8-3332] Sequential element (code_out_reg[30]) is unused and will be removed from module create_tree.
INFO: [Common 17-14] Message 'Synth 8-3332' appears 100 times and further instances of the messages will be disabled. Use the Tcl command set_msg_config to change the current settings.
---------------------------------------------------------------------------------
Finished Cross Boundary and Area Optimization : Time (s): cpu = 00:00:29 ; elapsed = 00:00:31 . Memory (MB): peak = 693.469 ; gain = 483.293
---------------------------------------------------------------------------------
---------------------------------------------------------------------------------
Start ROM, RAM, DSP and Shift Register Reporting
---------------------------------------------------------------------------------

ROM:
+----------------+---------------+---------------+----------------+
|Module Name     | RTL Object    | Depth x Width | Implemented As | 
+----------------+---------------+---------------+----------------+
|huffman_decoder | symbols       | 64x7          | LUT            | 
|huffman_decoder | probabilities | 64x11         | LUT            | 
+----------------+---------------+---------------+----------------+


Block RAM: Preliminary Mapping  Report (see note below)
+----------------+------------------------------+------------------------+---+---+------------------------+---+---+------------------+--------+--------+
|Module Name     | RTL Object                   | PORT A (Depth x Width) | W | R | PORT B (Depth x Width) | W | R | Ports driving FF | RAMB18 | RAMB36 | 
+----------------+------------------------------+------------------------+---+---+------------------------+---+---+------------------+--------+--------+
|create_tree     | probabilities_tab_reg        | 64 x 32(WRITE_FIRST)   |   | R | 64 x 32(READ_FIRST)    | W |   | Port A and B     | 1      | 0      | 
|raw_decoder     | code_list_reg                | 64 x 32(READ_FIRST)    | W |   | 64 x 32(WRITE_FIRST)   |   | R | Port A and B     | 1      | 0      | 
|raw_decoder     | decoded_characters_array_reg | 128 x 8(READ_FIRST)    | W |   | 128 x 8(WRITE_FIRST)   |   | R | Port A and B     | 1      | 0      | 
|huffman_decoder | decoded_output_reg           | 1 K x 8(READ_FIRST)    | W |   | 1 K x 8(WRITE_FIRST)   |   | R | Port A and B     | 1      | 0      | 
|huffman_decoder | decoder_bit_input_reg        | 1 K x 1(READ_FIRST)    | W |   | 1 K x 1(WRITE_FIRST)   |   | R | Port A and B     | 1      | 0      | 
+----------------+------------------------------+------------------------+---+---+------------------------+---+---+------------------+--------+--------+

Note: The table above is a preliminary report that shows the Block RAMs at the current stage of the synthesis flow. Some Block RAMs may be reimplemented as non Block RAM primitives later in the synthesis flow. Multiple instantiated Block RAMs are reported only once. 

Distributed RAM: Preliminary Mapping  Report (see note below)
+----------------+----------------------------+-----------+----------------------+--------------------------------+
|Module Name     | RTL Object                 | Inference | Size (Depth x Width) | Primitives                     | 
+----------------+----------------------------+-----------+----------------------+--------------------------------+
|create_tree     | symbols_tab_reg            | Implied   | 64 x 8               | RAM64M x 6                     | 
|create_tree     | ID_reg                     | Implied   | 256 x 32             | RAM64X1D x 48  RAM64M x 240    | 
|create_tree     | Link_reg                   | Implied   | 256 x 32             | RAM64X1D x 24  RAM64M x 120    | 
|create_tree     | P_reg                      | Implied   | 256 x 32             | RAM64X1D x 56  RAM64M x 280    | 
|create_tree     | code_tab_reg               | Implied   | 64 x 32              | RAM16X1D x 64  RAM32X1D x 32   | 
|create_tree     | code_length_tab_reg        | Implied   | 64 x 8               | RAM64M x 6                     | 
|raw_decoder     | codes_lengths_reg          | Implied   | 64 x 8               | RAM64M x 3                     | 
|raw_decoder     | input_data_reg             | Implied   | 1 K x 1              | RAM128X1D x 8                  | 
|raw_decoder     | symbols_reg                | Implied   | 64 x 8               | RAM64M x 3                     | 
|huffman_decoder | coder_codes_tab_reg        | Implied   | 64 x 8               | RAM16X1S x 16  RAM32X1S x 8    | 
|huffman_decoder | coder_codes_tab_length_reg | Implied   | 64 x 8               | RAM16X1S x 16  RAM32X1S x 8    | 
+----------------+----------------------------+-----------+----------------------+--------------------------------+

Note: The table above is a preliminary report that shows the Distributed RAMs at the current stage of the synthesis flow. Some Distributed RAMs may be reimplemented as non Distributed RAM primitives later in the synthesis flow. Multiple instantiated RAMs are reported only once.
---------------------------------------------------------------------------------
Finished ROM, RAM, DSP and Shift Register Reporting
---------------------------------------------------------------------------------

Report RTL Partitions: 
+-+--------------+------------+----------+
| |RTL Partition |Replication |Instances |
+-+--------------+------------+----------+
+-+--------------+------------+----------+
---------------------------------------------------------------------------------
Start Applying XDC Timing Constraints
---------------------------------------------------------------------------------
---------------------------------------------------------------------------------
Finished Applying XDC Timing Constraints : Time (s): cpu = 00:00:40 ; elapsed = 00:00:43 . Memory (MB): peak = 693.469 ; gain = 483.293
---------------------------------------------------------------------------------

Report RTL Partitions: 
+-+--------------+------------+----------+
| |RTL Partition |Replication |Instances |
+-+--------------+------------+----------+
+-+--------------+------------+----------+
---------------------------------------------------------------------------------
Start Technology Mapping
---------------------------------------------------------------------------------
INFO: [Synth 8-4480] The timing for the instance tree/probabilities_tab_reg (implemented as a block RAM) might be sub-optimal as no optional output register could be merged into the block ram. Providing additional output register may help in improving timing.
INFO: [Synth 8-4480] The timing for the instance decoder/code_list_reg (implemented as a block RAM) might be sub-optimal as no optional output register could be merged into the block ram. Providing additional output register may help in improving timing.
INFO: [Synth 8-4480] The timing for the instance decoder/decoded_characters_array_reg (implemented as a block RAM) might be sub-optimal as no optional output register could be merged into the block ram. Providing additional output register may help in improving timing.
INFO: [Synth 8-4480] The timing for the instance decoded_output_reg (implemented as a block RAM) might be sub-optimal as no optional output register could be merged into the block ram. Providing additional output register may help in improving timing.
INFO: [Synth 8-4480] The timing for the instance decoder_bit_input_reg (implemented as a block RAM) might be sub-optimal as no optional output register could be merged into the block ram. Providing additional output register may help in improving timing.
---------------------------------------------------------------------------------
Finished Technology Mapping : Time (s): cpu = 00:00:44 ; elapsed = 00:00:47 . Memory (MB): peak = 719.969 ; gain = 509.793
---------------------------------------------------------------------------------

Report RTL Partitions: 
+-+--------------+------------+----------+
| |RTL Partition |Replication |Instances |
+-+--------------+------------+----------+
+-+--------------+------------+----------+
---------------------------------------------------------------------------------
Start IO Insertion
---------------------------------------------------------------------------------
---------------------------------------------------------------------------------
Start Final Netlist Cleanup
---------------------------------------------------------------------------------
---------------------------------------------------------------------------------
Finished Final Netlist Cleanup
---------------------------------------------------------------------------------
---------------------------------------------------------------------------------
Finished IO Insertion : Time (s): cpu = 00:00:46 ; elapsed = 00:00:49 . Memory (MB): peak = 719.969 ; gain = 509.793
---------------------------------------------------------------------------------

Report Check Netlist: 
+------+------------------+-------+---------+-------+------------------+
|      |Item              |Errors |Warnings |Status |Description       |
+------+------------------+-------+---------+-------+------------------+
|1     |multi_driven_nets |      0|        0|Passed |Multi driven nets |
+------+------------------+-------+---------+-------+------------------+
---------------------------------------------------------------------------------
Start Renaming Generated Instances
---------------------------------------------------------------------------------
---------------------------------------------------------------------------------
Finished Renaming Generated Instances : Time (s): cpu = 00:00:46 ; elapsed = 00:00:49 . Memory (MB): peak = 719.969 ; gain = 509.793
---------------------------------------------------------------------------------

Report RTL Partitions: 
+-+--------------+------------+----------+
| |RTL Partition |Replication |Instances |
+-+--------------+------------+----------+
+-+--------------+------------+----------+
---------------------------------------------------------------------------------
Start Handling Custom Attributes
---------------------------------------------------------------------------------
---------------------------------------------------------------------------------
Finished Handling Custom Attributes : Time (s): cpu = 00:00:46 ; elapsed = 00:00:49 . Memory (MB): peak = 719.969 ; gain = 509.793
---------------------------------------------------------------------------------
---------------------------------------------------------------------------------
Start Writing Synthesis Report
---------------------------------------------------------------------------------

Report BlackBoxes: 
+-+--------------+----------+
| |BlackBox name |Instances |
+-+--------------+----------+
+-+--------------+----------+

Report Cell Usage: 
+------+-----------+------+
|      |Cell       |Count |
+------+-----------+------+
|1     |BUFG       |     1|
|2     |CARRY4     |   211|
|3     |LUT1       |   442|
|4     |LUT2       |   136|
|5     |LUT3       |   145|
|6     |LUT4       |   381|
|7     |LUT5       |   282|
|8     |LUT6       |   861|
|9     |RAM128X1D  |     2|
|10    |RAM16X1D   |    16|
|11    |RAM16X1S   |    32|
|12    |RAM32X1D   |     8|
|13    |RAM32X1S   |    16|
|14    |RAM64M     |   658|
|15    |RAM64X1D   |   128|
|16    |RAMB18E1   |     2|
|17    |RAMB18E1_1 |     3|
|18    |FDRE       |   920|
|19    |FDSE       |     3|
|20    |IBUF       |    35|
|21    |OBUF       |     9|
+------+-----------+------+

Report Instance Areas: 
+------+----------+------------+------+
|      |Instance  |Module      |Cells |
+------+----------+------------+------+
|1     |top       |            |  4291|
|2     |  tree    |create_tree |  2733|
|3     |  decoder |raw_decoder |   847|
+------+----------+------------+------+
---------------------------------------------------------------------------------
Finished Writing Synthesis Report : Time (s): cpu = 00:00:46 ; elapsed = 00:00:49 . Memory (MB): peak = 719.969 ; gain = 509.793
---------------------------------------------------------------------------------
Synthesis finished with 0 errors, 0 critical warnings and 129 warnings.
Synthesis Optimization Runtime : Time (s): cpu = 00:00:31 ; elapsed = 00:00:37 . Memory (MB): peak = 719.969 ; gain = 142.242
Synthesis Optimization Complete : Time (s): cpu = 00:00:46 ; elapsed = 00:00:49 . Memory (MB): peak = 719.969 ; gain = 509.793
INFO: [Project 1-571] Translating synthesized netlist
INFO: [Netlist 29-17] Analyzing 1111 Unisim elements for replacement
INFO: [Netlist 29-28] Unisim Transformation completed in 1 CPU seconds
INFO: [Project 1-570] Preparing netlist for logic optimization
INFO: [Opt 31-138] Pushed 0 inverter(s) to 0 load pin(s).
INFO: [Project 1-111] Unisim Transformation Summary:
  A total of 860 instances were transformed.
  RAM128X1D => RAM128X1D (RAMD64E, RAMD64E, MUXF7, MUXF7, RAMD64E, RAMD64E): 2 instances
  RAM16X1D => RAM32X1D (RAMD32, RAMD32): 16 instances
  RAM16X1S => RAM32X1S (RAMS32): 32 instances
  RAM32X1D => RAM32X1D (RAMD32, RAMD32): 8 instances
  RAM32X1S => RAM32X1S (RAMS32): 16 instances
  RAM64M => RAM64M (RAMD64E, RAMD64E, RAMD64E, RAMD64E): 658 instances
  RAM64X1D => RAM64X1D (RAMD64E, RAMD64E): 128 instances

INFO: [Common 17-83] Releasing license: Synthesis
151 Infos, 100 Warnings, 0 Critical Warnings and 0 Errors encountered.
synth_design completed successfully
synth_design: Time (s): cpu = 00:00:46 ; elapsed = 00:00:48 . Memory (MB): peak = 719.969 ; gain = 481.676
INFO: [Common 17-1381] The checkpoint 'D:/SDUP_2020_projekt_H/Huffman/Huffman.runs/synth_4/huffman_decoder.dcp' has been generated.
report_utilization: Time (s): cpu = 00:00:01 ; elapsed = 00:00:00.085 . Memory (MB): peak = 719.969 ; gain = 0.000
INFO: [Common 17-206] Exiting Vivado at Sun Sep 06 15:12:21 2020...
